#
# There is insufficient memory for the Java Runtime Environment to continue.
# Native memory allocation (malloc) failed to allocate 2090256 bytes for Chunk::new
# Possible reasons:
#   The system is out of physical RAM or swap space
#   The process is running with CompressedOops enabled, and the Java Heap may be blocking the growth of the native heap
# Possible solutions:
#   Reduce memory load on the system
#   Increase physical memory or swap space
#   Check if swap backing store is full
#   Decrease Java heap size (-Xmx/-Xms)
#   Decrease number of Java threads
#   Decrease Java thread stack sizes (-Xss)
#   Set larger code cache with -XX:ReservedCodeCacheSize=
#   JVM is running with Unscaled Compressed Oops mode in which the Java heap is
#     placed in the first 4GB address space. The Java Heap base address is the
#     maximum limit for the native heap growth. Please use -XX:HeapBaseMinAddress
#     to set the Java Heap base and to place the Java Heap above 4GB virtual address.
# This output file may be truncated or incomplete.
#
#  Out of Memory Error (./src/hotspot/share/memory/arena.cpp:197), pid=21264, tid=16192
#
# JRE version: OpenJDK Runtime Environment (11.0.10) (build 11.0.10+0-b96-7249189)
# Java VM: OpenJDK 64-Bit Server VM (11.0.10+0-b96-7249189, mixed mode, tiered, compressed oops, g1 gc, windows-amd64)
# No core dump will be written. Minidumps are not enabled by default on client versions of Windows
#

---------------  S U M M A R Y ------------

Command Line: --add-opens=java.base/java.util=ALL-UNNAMED --add-opens=java.base/java.lang=ALL-UNNAMED --add-opens=java.base/java.lang.invoke=ALL-UNNAMED --add-opens=java.base/java.util=ALL-UNNAMED --add-opens=java.prefs/java.util.prefs=ALL-UNNAMED --add-opens=java.prefs/java.util.prefs=ALL-UNNAMED --add-opens=java.base/java.nio.charset=ALL-UNNAMED --add-opens=java.base/java.net=ALL-UNNAMED --add-opens=java.base/java.util.concurrent.atomic=ALL-UNNAMED -Xmx2048m -Dfile.encoding=UTF-8 -Duser.country=US -Duser.language=en -Duser.variant org.gradle.launcher.daemon.bootstrap.GradleDaemon 7.0.2

Host: Intel(R) Core(TM) i7-7700HQ CPU @ 2.80GHz, 8 cores, 15G,  Windows 10 , 64 bit Build 19041 (10.0.19041.1348)
Time: Fri Dec 17 20:30:19 2021 SE Asia Standard Time elapsed time: 28.451150 seconds (0d 0h 0m 28s)

---------------  T H R E A D  ---------------

Current thread (0x000001d4d96e2000):  JavaThread "C2 CompilerThread1" daemon [_thread_in_native, id=16192, stack(0x00000038c8c00000,0x00000038c8d00000)]


Current CompileTask:
C2:  28451 8912       4       org.gradle.internal.snapshot.DirectorySnapshot$$Lambda$964/0x0000000100af4440::accept (20 bytes)

Stack: [0x00000038c8c00000,0x00000038c8d00000]
Native frames: (J=compiled Java code, j=interpreted, Vv=VM code, C=native code)
V  [jvm.dll+0x5ecfaa]
V  [jvm.dll+0x722bd5]
V  [jvm.dll+0x72412d]
V  [jvm.dll+0x7247e3]
V  [jvm.dll+0x242928]
V  [jvm.dll+0xbc4fc]
V  [jvm.dll+0xbca0c]
V  [jvm.dll+0x352d3b]
V  [jvm.dll+0x320ad3]
V  [jvm.dll+0x31ffca]
V  [jvm.dll+0x1fb602]
V  [jvm.dll+0x1fa7f4]
V  [jvm.dll+0x18354c]
V  [jvm.dll+0x208ee7]
V  [jvm.dll+0x207731]
V  [jvm.dll+0x6eb1cf]
V  [jvm.dll+0x6e3d45]
V  [jvm.dll+0x5ebe96]
C  [ucrtbase.dll+0x21bb2]
C  [KERNEL32.DLL+0x17034]
C  [ntdll.dll+0x52651]


---------------  P R O C E S S  ---------------

Threads class SMR info:
_java_thread_list=0x000001d4d06659e0, length=62, elements={
0x000001d4b530e000, 0x000001d4cfffc800, 0x000001d4cfffd800, 0x000001d4d005f800,
0x000001d4d0061000, 0x000001d4d0064000, 0x000001d4d006a000, 0x000001d4d0081000,
0x000001d4d0095800, 0x000001d4d0201800, 0x000001d4d23a7000, 0x000001d4d218b800,
0x000001d4d2631000, 0x000001d4d15ea800, 0x000001d4d14e4000, 0x000001d4d0fba800,
0x000001d4d11c4000, 0x000001d4d119e800, 0x000001d4d2646000, 0x000001d4d0080800,
0x000001d4d0082000, 0x000001d4d0083000, 0x000001d4d0083800, 0x000001d4d007f000,
0x000001d4d0085800, 0x000001d4d007f800, 0x000001d4d2d54800, 0x000001d4d2d54000,
0x000001d4d2d55800, 0x000001d4d2d59800, 0x000001d4d2d56800, 0x000001d4d2d57000,
0x000001d4d2d5d800, 0x000001d4d2d5f000, 0x000001d4d2d60000, 0x000001d4d2d61000,
0x000001d4d2d5c000, 0x000001d4d2d62800, 0x000001d4d2d5d000, 0x000001d4d612e800,
0x000001d4d6129000, 0x000001d4d612f800, 0x000001d4d6129800, 0x000001d4d612c000,
0x000001d4d6130000, 0x000001d4d612a800, 0x000001d4d6131000, 0x000001d4d612b800,
0x000001d4d612d800, 0x000001d4d612d000, 0x000001d4d6133800, 0x000001d4d6137800,
0x000001d4d6132800, 0x000001d4d6135000, 0x000001d4d6136800, 0x000001d4d2d5b000,
0x000001d4d0084800, 0x000001d4d96df800, 0x000001d4d96e0800, 0x000001d4d96e2000,
0x000001d4d96e1800, 0x000001d4d96e3000
}

Java Threads: ( => current thread )
  0x000001d4b530e000 JavaThread "main" [_thread_blocked, id=17972, stack(0x00000038c4c00000,0x00000038c4d00000)]
  0x000001d4cfffc800 JavaThread "Reference Handler" daemon [_thread_blocked, id=19724, stack(0x00000038c5300000,0x00000038c5400000)]
  0x000001d4cfffd800 JavaThread "Finalizer" daemon [_thread_blocked, id=17788, stack(0x00000038c5400000,0x00000038c5500000)]
  0x000001d4d005f800 JavaThread "Signal Dispatcher" daemon [_thread_blocked, id=13372, stack(0x00000038c5500000,0x00000038c5600000)]
  0x000001d4d0061000 JavaThread "Attach Listener" daemon [_thread_blocked, id=18076, stack(0x00000038c5600000,0x00000038c5700000)]
  0x000001d4d0064000 JavaThread "Service Thread" daemon [_thread_blocked, id=19916, stack(0x00000038c5700000,0x00000038c5800000)]
  0x000001d4d006a000 JavaThread "C2 CompilerThread0" daemon [_thread_blocked, id=10700, stack(0x00000038c5800000,0x00000038c5900000)]
  0x000001d4d0081000 JavaThread "C1 CompilerThread0" daemon [_thread_blocked, id=22692, stack(0x00000038c5900000,0x00000038c5a00000)]
  0x000001d4d0095800 JavaThread "Sweeper thread" daemon [_thread_blocked, id=20908, stack(0x00000038c5a00000,0x00000038c5b00000)]
  0x000001d4d0201800 JavaThread "Common-Cleaner" daemon [_thread_blocked, id=13532, stack(0x00000038c5b00000,0x00000038c5c00000)]
  0x000001d4d23a7000 JavaThread "Daemon health stats" [_thread_blocked, id=2432, stack(0x00000038c6300000,0x00000038c6400000)]
  0x000001d4d218b800 JavaThread "Incoming local TCP Connector on port 63325" [_thread_in_native, id=15316, stack(0x00000038c5d00000,0x00000038c5e00000)]
  0x000001d4d2631000 JavaThread "Daemon periodic checks" [_thread_blocked, id=6176, stack(0x00000038c6400000,0x00000038c6500000)]
  0x000001d4d15ea800 JavaThread "Daemon" [_thread_blocked, id=19244, stack(0x00000038c6500000,0x00000038c6600000)]
  0x000001d4d14e4000 JavaThread "Handler for socket connection from /127.0.0.1:63325 to /127.0.0.1:63326" [_thread_in_native, id=4900, stack(0x00000038c6600000,0x00000038c6700000)]
  0x000001d4d0fba800 JavaThread "Cancel handler" [_thread_blocked, id=17916, stack(0x00000038c6700000,0x00000038c6800000)]
  0x000001d4d11c4000 JavaThread "Daemon worker" [_thread_blocked, id=1460, stack(0x00000038c6800000,0x00000038c6900000)]
  0x000001d4d119e800 JavaThread "Asynchronous log dispatcher for DefaultDaemonConnection: socket connection from /127.0.0.1:63325 to /127.0.0.1:63326" [_thread_blocked, id=21220, stack(0x00000038c6900000,0x00000038c6a00000)]
  0x000001d4d2646000 JavaThread "Stdin handler" [_thread_blocked, id=16264, stack(0x00000038c6a00000,0x00000038c6b00000)]
  0x000001d4d0080800 JavaThread "Daemon client event forwarder" [_thread_blocked, id=13056, stack(0x00000038c6b00000,0x00000038c6c00000)]
  0x000001d4d0082000 JavaThread "Cache worker for file hash cache (C:\Users\Edward\.gradle\caches\7.0.2\fileHashes)" [_thread_blocked, id=7916, stack(0x00000038c6c00000,0x00000038c6d00000)]
  0x000001d4d0083000 JavaThread "File lock request listener" [_thread_in_native, id=21360, stack(0x00000038c6d00000,0x00000038c6e00000)]
  0x000001d4d0083800 JavaThread "Cache worker for journal cache (C:\Users\Edward\.gradle\caches\journal-1)" [_thread_blocked, id=20356, stack(0x00000038c7100000,0x00000038c7200000)]
  0x000001d4d007f000 JavaThread "Cache worker for file hash cache (D:\Download\GameIndonesiaStore\.gradle\7.0.2\fileHashes)" [_thread_blocked, id=1300, stack(0x00000038c7300000,0x00000038c7400000)]
  0x000001d4d0085800 JavaThread "File watcher server" daemon [_thread_in_native, id=15940, stack(0x00000038c7400000,0x00000038c7500000)]
  0x000001d4d007f800 JavaThread "File watcher consumer" daemon [_thread_blocked, id=20992, stack(0x00000038c7500000,0x00000038c7600000)]
  0x000001d4d2d54800 JavaThread "Cache worker for checksums cache (D:\Download\GameIndonesiaStore\.gradle\checksums)" [_thread_blocked, id=12648, stack(0x00000038c7600000,0x00000038c7700000)]
  0x000001d4d2d54000 JavaThread "Cache worker for cache directory md-supplier (C:\Users\Edward\.gradle\caches\7.0.2\md-supplier)" [_thread_blocked, id=22236, stack(0x00000038c7700000,0x00000038c7800000)]
  0x000001d4d2d55800 JavaThread "Cache worker for cache directory md-rule (C:\Users\Edward\.gradle\caches\7.0.2\md-rule)" [_thread_blocked, id=19024, stack(0x00000038c7800000,0x00000038c7900000)]
  0x000001d4d2d59800 JavaThread "Cache worker for execution history cache (C:\Users\Edward\.gradle\caches\7.0.2\executionHistory)" [_thread_blocked, id=12052, stack(0x00000038c7900000,0x00000038c7a00000)]
  0x000001d4d2d56800 JavaThread "jar transforms" [_thread_blocked, id=10668, stack(0x00000038c7b00000,0x00000038c7c00000)]
  0x000001d4d2d57000 JavaThread "jar transforms Thread 2" [_thread_blocked, id=14544, stack(0x00000038c7c00000,0x00000038c7d00000)]
  0x000001d4d2d5d800 JavaThread "Cache worker for file content cache (C:\Users\Edward\.gradle\caches\7.0.2\fileContent)" [_thread_blocked, id=16764, stack(0x00000038c7d00000,0x00000038c7e00000)]
  0x000001d4d2d5f000 JavaThread "Cache worker for dependencies-accessors (D:\Download\GameIndonesiaStore\.gradle\7.0.2\dependencies-accessors)" [_thread_blocked, id=2364, stack(0x00000038c7e00000,0x00000038c7f00000)]
  0x000001d4d2d60000 JavaThread "jar transforms Thread 3" [_thread_blocked, id=18520, stack(0x00000038c7f00000,0x00000038c8000000)]
  0x000001d4d2d61000 JavaThread "Cache worker for Build Output Cleanup Cache (D:\Download\GameIndonesiaStore\.gradle\buildOutputCleanup)" [_thread_blocked, id=3232, stack(0x00000038c8000000,0x00000038c8100000)]
  0x000001d4d2d5c000 JavaThread "Build operations" [_thread_blocked, id=7108, stack(0x00000038c8100000,0x00000038c8200000)]
  0x000001d4d2d62800 JavaThread "Build operations Thread 2" [_thread_blocked, id=20568, stack(0x00000038c8200000,0x00000038c8300000)]
  0x000001d4d2d5d000 JavaThread "Build operations Thread 3" [_thread_blocked, id=22960, stack(0x00000038c8300000,0x00000038c8400000)]
  0x000001d4d612e800 JavaThread "Build operations Thread 4" [_thread_blocked, id=16784, stack(0x00000038c8400000,0x00000038c8500000)]
  0x000001d4d6129000 JavaThread "Build operations Thread 5" [_thread_blocked, id=20988, stack(0x00000038c8500000,0x00000038c8600000)]
  0x000001d4d612f800 JavaThread "Build operations Thread 6" [_thread_blocked, id=18476, stack(0x00000038c8600000,0x00000038c8700000)]
  0x000001d4d6129800 JavaThread "Build operations Thread 7" [_thread_blocked, id=21940, stack(0x00000038c8700000,0x00000038c8800000)]
  0x000001d4d612c000 JavaThread "Build operations Thread 8" [_thread_blocked, id=14320, stack(0x00000038c8800000,0x00000038c8900000)]
  0x000001d4d6130000 JavaThread "jar transforms Thread 4" [_thread_blocked, id=456, stack(0x00000038c8900000,0x00000038c8a00000)]
  0x000001d4d612a800 JavaThread "jar transforms Thread 5" [_thread_blocked, id=4672, stack(0x00000038c8a00000,0x00000038c8b00000)]
  0x000001d4d6131000 JavaThread "jar transforms Thread 6" [_thread_blocked, id=15192, stack(0x00000038c7200000,0x00000038c7300000)]
  0x000001d4d612b800 JavaThread "jar transforms Thread 7" [_thread_blocked, id=5096, stack(0x00000038c7a00000,0x00000038c7b00000)]
  0x000001d4d612d800 JavaThread "jar transforms Thread 8" [_thread_blocked, id=3968, stack(0x00000038c8b00000,0x00000038c8c00000)]
  0x000001d4d612d000 JavaThread "Memory manager" [_thread_blocked, id=20024, stack(0x00000038c8e00000,0x00000038c8f00000)]
  0x000001d4d6133800 JavaThread "build event listener" [_thread_blocked, id=17044, stack(0x00000038c8f00000,0x00000038c9000000)]
  0x000001d4d6137800 JavaThread "Execution worker for ':'" [_thread_blocked, id=12432, stack(0x00000038c9000000,0x00000038c9100000)]
  0x000001d4d6132800 JavaThread "Execution worker for ':' Thread 2" [_thread_in_native, id=15736, stack(0x00000038c9100000,0x00000038c9200000)]
  0x000001d4d6135000 JavaThread "Execution worker for ':' Thread 3" [_thread_blocked, id=15452, stack(0x00000038c9200000,0x00000038c9300000)]
  0x000001d4d6136800 JavaThread "Execution worker for ':' Thread 4" [_thread_blocked, id=22364, stack(0x00000038c9300000,0x00000038c9400000)]
  0x000001d4d2d5b000 JavaThread "Execution worker for ':' Thread 5" [_thread_blocked, id=21044, stack(0x00000038c9400000,0x00000038c9500000)]
  0x000001d4d0084800 JavaThread "Execution worker for ':' Thread 6" [_thread_blocked, id=16056, stack(0x00000038c9500000,0x00000038c9600000)]
  0x000001d4d96df800 JavaThread "Execution worker for ':' Thread 7" [_thread_blocked, id=18468, stack(0x00000038c9600000,0x00000038c9700000)]
  0x000001d4d96e0800 JavaThread "Cache worker for execution history cache (D:\Download\GameIndonesiaStore\.gradle\7.0.2\executionHistory)" [_thread_blocked, id=1516, stack(0x00000038c9700000,0x00000038c9800000)]
=>0x000001d4d96e2000 JavaThread "C2 CompilerThread1" daemon [_thread_in_native, id=16192, stack(0x00000038c8c00000,0x00000038c8d00000)]
  0x000001d4d96e1800 JavaThread "WorkerExecutor Queue" [_thread_blocked, id=20188, stack(0x00000038c8d00000,0x00000038c8e00000)]
  0x000001d4d96e3000 JavaThread "WorkerExecutor Queue Thread 2" [_thread_blocked, id=16472, stack(0x00000038c9900000,0x00000038c9a00000)]

Other Threads:
  0x000001d4cfff9800 VMThread "VM Thread" [stack: 0x00000038c5200000,0x00000038c5300000] [id=13480]
  0x000001d4d0214000 WatcherThread [stack: 0x00000038c5c00000,0x00000038c5d00000] [id=8036]
  0x000001d4b5321000 GCTaskThread "GC Thread#0" [stack: 0x00000038c4d00000,0x00000038c4e00000] [id=1536]
  0x000001d4d0fc0800 GCTaskThread "GC Thread#1" [stack: 0x00000038c5e00000,0x00000038c5f00000] [id=22136]
  0x000001d4d0da4000 GCTaskThread "GC Thread#2" [stack: 0x00000038c5f00000,0x00000038c6000000] [id=4500]
  0x000001d4d0e06800 GCTaskThread "GC Thread#3" [stack: 0x00000038c6000000,0x00000038c6100000] [id=10748]
  0x000001d4d0e07800 GCTaskThread "GC Thread#4" [stack: 0x00000038c6100000,0x00000038c6200000] [id=424]
  0x000001d4d0e08800 GCTaskThread "GC Thread#5" [stack: 0x00000038c6200000,0x00000038c6300000] [id=23032]
  0x000001d4d1a7e800 GCTaskThread "GC Thread#6" [stack: 0x00000038c6e00000,0x00000038c6f00000] [id=20508]
  0x000001d4d2212800 GCTaskThread "GC Thread#7" [stack: 0x00000038c6f00000,0x00000038c7000000] [id=13660]
  0x000001d4b5356800 ConcurrentGCThread "G1 Main Marker" [stack: 0x00000038c4e00000,0x00000038c4f00000] [id=21704]
  0x000001d4b5359000 ConcurrentGCThread "G1 Conc#0" [stack: 0x00000038c4f00000,0x00000038c5000000] [id=17528]
  0x000001d4d261d800 ConcurrentGCThread "G1 Conc#1" [stack: 0x00000038c7000000,0x00000038c7100000] [id=19096]
  0x000001d4cf646800 ConcurrentGCThread "G1 Refine#0" [stack: 0x00000038c5000000,0x00000038c5100000] [id=18708]
  0x000001d4cf647800 ConcurrentGCThread "G1 Young RemSet Sampling" [stack: 0x00000038c5100000,0x00000038c5200000] [id=2264]

Threads with active compile tasks:
C2 CompilerThread1  28544 8912       4       org.gradle.internal.snapshot.DirectorySnapshot$$Lambda$964/0x0000000100af4440::accept (20 bytes)

VM state:not at safepoint (normal execution)

VM Mutex/Monitor currently owned by a thread: None

Heap address: 0x0000000080000000, size: 2048 MB, Compressed Oops mode: 32-bit
Narrow klass base: 0x0000000000000000, Narrow klass shift: 3
Compressed class space size: 1073741824 Address: 0x0000000100000000

Heap:
 garbage-first heap   total 262144K, used 183238K [0x0000000080000000, 0x0000000100000000)
  region size 1024K, 139 young (142336K), 12 survivors (12288K)
 Metaspace       used 80173K, capacity 82446K, committed 82560K, reserved 1120256K
  class space    used 10475K, capacity 11298K, committed 11392K, reserved 1048576K
Heap Regions: E=young(eden), S=young(survivor), O=old, HS=humongous(starts), HC=humongous(continues), CS=collection set, F=free, A=archive, TAMS=top-at-mark-start (previous, next)
|   0|0x0000000080000000, 0x0000000080100000, 0x0000000080100000|100%| O|  |TAMS 0x0000000080100000, 0x0000000080000000| Untracked 
|   1|0x0000000080100000, 0x0000000080200000, 0x0000000080200000|100%| O|  |TAMS 0x0000000080200000, 0x0000000080100000| Untracked 
|   2|0x0000000080200000, 0x0000000080300000, 0x0000000080300000|100%| O|  |TAMS 0x0000000080300000, 0x0000000080200000| Untracked 
|   3|0x0000000080300000, 0x0000000080400000, 0x0000000080400000|100%|HS|  |TAMS 0x0000000080400000, 0x0000000080300000| Complete 
|   4|0x0000000080400000, 0x0000000080500000, 0x0000000080500000|100%|HC|  |TAMS 0x0000000080500000, 0x0000000080400000| Complete 
|   5|0x0000000080500000, 0x0000000080600000, 0x0000000080600000|100%|HC|  |TAMS 0x0000000080600000, 0x0000000080500000| Complete 
|   6|0x0000000080600000, 0x0000000080700000, 0x0000000080700000|100%| O|  |TAMS 0x0000000080700000, 0x0000000080600000| Untracked 
|   7|0x0000000080700000, 0x0000000080800000, 0x0000000080800000|100%| O|  |TAMS 0x0000000080800000, 0x0000000080700000| Untracked 
|   8|0x0000000080800000, 0x0000000080900000, 0x0000000080900000|100%| O|  |TAMS 0x0000000080900000, 0x0000000080800000| Untracked 
|   9|0x0000000080900000, 0x0000000080a00000, 0x0000000080a00000|100%| O|  |TAMS 0x0000000080a00000, 0x0000000080900000| Untracked 
|  10|0x0000000080a00000, 0x0000000080b00000, 0x0000000080b00000|100%| O|  |TAMS 0x0000000080b00000, 0x0000000080a00000| Untracked 
|  11|0x0000000080b00000, 0x0000000080c00000, 0x0000000080c00000|100%| O|  |TAMS 0x0000000080c00000, 0x0000000080b00000| Untracked 
|  12|0x0000000080c00000, 0x0000000080d00000, 0x0000000080d00000|100%| O|  |TAMS 0x0000000080d00000, 0x0000000080c00000| Untracked 
|  13|0x0000000080d00000, 0x0000000080e00000, 0x0000000080e00000|100%| O|  |TAMS 0x0000000080e00000, 0x0000000080d00000| Untracked 
|  14|0x0000000080e00000, 0x0000000080f00000, 0x0000000080f00000|100%| O|  |TAMS 0x0000000080f00000, 0x0000000080e00000| Untracked 
|  15|0x0000000080f00000, 0x0000000081000000, 0x0000000081000000|100%| O|  |TAMS 0x0000000081000000, 0x0000000080f00000| Untracked 
|  16|0x0000000081000000, 0x0000000081100000, 0x0000000081100000|100%| O|  |TAMS 0x0000000081100000, 0x0000000081000000| Untracked 
|  17|0x0000000081100000, 0x0000000081200000, 0x0000000081200000|100%|HS|  |TAMS 0x0000000081200000, 0x0000000081100000| Complete 
|  18|0x0000000081200000, 0x0000000081300000, 0x0000000081300000|100%|HS|  |TAMS 0x0000000081300000, 0x0000000081200000| Complete 
|  19|0x0000000081300000, 0x0000000081400000, 0x0000000081400000|100%|HS|  |TAMS 0x0000000081400000, 0x0000000081300000| Complete 
|  20|0x0000000081400000, 0x0000000081500000, 0x0000000081500000|100%|HC|  |TAMS 0x0000000081500000, 0x0000000081400000| Complete 
|  21|0x0000000081500000, 0x0000000081600000, 0x0000000081600000|100%| O|  |TAMS 0x0000000081600000, 0x0000000081500000| Untracked 
|  22|0x0000000081600000, 0x0000000081700000, 0x0000000081700000|100%| O|  |TAMS 0x0000000081700000, 0x0000000081600000| Untracked 
|  23|0x0000000081700000, 0x0000000081800000, 0x0000000081800000|100%| O|  |TAMS 0x0000000081800000, 0x0000000081700000| Untracked 
|  24|0x0000000081800000, 0x0000000081900000, 0x0000000081900000|100%| O|  |TAMS 0x0000000081900000, 0x0000000081800000| Untracked 
|  25|0x0000000081900000, 0x0000000081a00000, 0x0000000081a00000|100%| O|  |TAMS 0x0000000081a00000, 0x0000000081900000| Untracked 
|  26|0x0000000081a00000, 0x0000000081b00000, 0x0000000081b00000|100%| O|  |TAMS 0x0000000081b00000, 0x0000000081a00000| Untracked 
|  27|0x0000000081b00000, 0x0000000081c00000, 0x0000000081c00000|100%| O|  |TAMS 0x0000000081c00000, 0x0000000081b00000| Untracked 
|  28|0x0000000081c00000, 0x0000000081d00000, 0x0000000081d00000|100%| O|  |TAMS 0x0000000081d00000, 0x0000000081c00000| Untracked 
|  29|0x0000000081d00000, 0x0000000081e00000, 0x0000000081e00000|100%| O|  |TAMS 0x0000000081e00000, 0x0000000081d00000| Untracked 
|  30|0x0000000081e00000, 0x0000000081f00000, 0x0000000081f00000|100%| O|  |TAMS 0x0000000081f00000, 0x0000000081e00000| Untracked 
|  31|0x0000000081f00000, 0x0000000082000000, 0x0000000082000000|100%| O|  |TAMS 0x0000000081fb8600, 0x0000000081f00000| Untracked 
|  32|0x0000000082000000, 0x0000000082000000, 0x0000000082100000|  0%| F|  |TAMS 0x0000000082000000, 0x0000000082000000| Untracked 
|  33|0x0000000082100000, 0x0000000082200000, 0x0000000082200000|100%| O|  |TAMS 0x0000000082100000, 0x0000000082100000| Untracked 
|  34|0x0000000082200000, 0x0000000082300000, 0x0000000082300000|100%| O|  |TAMS 0x0000000082200000, 0x0000000082200000| Untracked 
|  35|0x0000000082300000, 0x0000000082400000, 0x0000000082400000|100%| O|  |TAMS 0x0000000082300000, 0x0000000082300000| Untracked 
|  36|0x0000000082400000, 0x0000000082500000, 0x0000000082500000|100%| O|  |TAMS 0x0000000082400000, 0x0000000082400000| Untracked 
|  37|0x0000000082500000, 0x0000000082600000, 0x0000000082600000|100%| O|  |TAMS 0x0000000082500000, 0x0000000082500000| Untracked 
|  38|0x0000000082600000, 0x0000000082700000, 0x0000000082700000|100%| O|  |TAMS 0x0000000082600000, 0x0000000082600000| Untracked 
|  39|0x0000000082700000, 0x0000000082800000, 0x0000000082800000|100%| O|  |TAMS 0x0000000082700000, 0x0000000082700000| Untracked 
|  40|0x0000000082800000, 0x0000000082900000, 0x0000000082900000|100%| O|  |TAMS 0x0000000082800000, 0x0000000082800000| Untracked 
|  41|0x0000000082900000, 0x0000000082a00000, 0x0000000082a00000|100%| O|  |TAMS 0x0000000082900000, 0x0000000082900000| Untracked 
|  42|0x0000000082a00000, 0x0000000082b00000, 0x0000000082b00000|100%| O|  |TAMS 0x0000000082a00000, 0x0000000082a00000| Untracked 
|  43|0x0000000082b00000, 0x0000000082b00000, 0x0000000082c00000|  0%| F|  |TAMS 0x0000000082b00000, 0x0000000082b00000| Untracked 
|  44|0x0000000082c00000, 0x0000000082c00000, 0x0000000082d00000|  0%| F|  |TAMS 0x0000000082c00000, 0x0000000082c00000| Untracked 
|  45|0x0000000082d00000, 0x0000000082d00000, 0x0000000082e00000|  0%| F|  |TAMS 0x0000000082d00000, 0x0000000082d00000| Untracked 
|  46|0x0000000082e00000, 0x0000000082e00000, 0x0000000082f00000|  0%| F|  |TAMS 0x0000000082e00000, 0x0000000082e00000| Untracked 
|  47|0x0000000082f00000, 0x0000000082f00000, 0x0000000083000000|  0%| F|  |TAMS 0x0000000082f00000, 0x0000000082f00000| Untracked 
|  48|0x0000000083000000, 0x0000000083000000, 0x0000000083100000|  0%| F|  |TAMS 0x0000000083000000, 0x0000000083000000| Untracked 
|  49|0x0000000083100000, 0x0000000083100000, 0x0000000083200000|  0%| F|  |TAMS 0x0000000083100000, 0x0000000083100000| Untracked 
|  50|0x0000000083200000, 0x0000000083200000, 0x0000000083300000|  0%| F|  |TAMS 0x0000000083200000, 0x0000000083200000| Untracked 
|  51|0x0000000083300000, 0x0000000083300000, 0x0000000083400000|  0%| F|  |TAMS 0x0000000083300000, 0x0000000083300000| Untracked 
|  52|0x0000000083400000, 0x0000000083400000, 0x0000000083500000|  0%| F|  |TAMS 0x0000000083400000, 0x0000000083400000| Untracked 
|  53|0x0000000083500000, 0x0000000083500000, 0x0000000083600000|  0%| F|  |TAMS 0x0000000083500000, 0x0000000083500000| Untracked 
|  54|0x0000000083600000, 0x0000000083600000, 0x0000000083700000|  0%| F|  |TAMS 0x0000000083600000, 0x0000000083600000| Untracked 
|  55|0x0000000083700000, 0x0000000083700000, 0x0000000083800000|  0%| F|  |TAMS 0x0000000083700000, 0x0000000083700000| Untracked 
|  56|0x0000000083800000, 0x0000000083800000, 0x0000000083900000|  0%| F|  |TAMS 0x0000000083800000, 0x0000000083800000| Untracked 
|  57|0x0000000083900000, 0x0000000083900000, 0x0000000083a00000|  0%| F|  |TAMS 0x0000000083900000, 0x0000000083900000| Untracked 
|  58|0x0000000083a00000, 0x0000000083a00000, 0x0000000083b00000|  0%| F|  |TAMS 0x0000000083a00000, 0x0000000083a00000| Untracked 
|  59|0x0000000083b00000, 0x0000000083b00000, 0x0000000083c00000|  0%| F|  |TAMS 0x0000000083b00000, 0x0000000083b00000| Untracked 
|  60|0x0000000083c00000, 0x0000000083c00000, 0x0000000083d00000|  0%| F|  |TAMS 0x0000000083c00000, 0x0000000083c00000| Untracked 
|  61|0x0000000083d00000, 0x0000000083d00000, 0x0000000083e00000|  0%| F|  |TAMS 0x0000000083d00000, 0x0000000083d00000| Untracked 
|  62|0x0000000083e00000, 0x0000000083e00000, 0x0000000083f00000|  0%| F|  |TAMS 0x0000000083e00000, 0x0000000083e00000| Untracked 
|  63|0x0000000083f00000, 0x0000000083f00000, 0x0000000084000000|  0%| F|  |TAMS 0x0000000083f00000, 0x0000000083f00000| Untracked 
|  64|0x0000000084000000, 0x0000000084000000, 0x0000000084100000|  0%| F|  |TAMS 0x0000000084000000, 0x0000000084000000| Untracked 
|  65|0x0000000084100000, 0x0000000084100000, 0x0000000084200000|  0%| F|  |TAMS 0x0000000084100000, 0x0000000084100000| Untracked 
|  66|0x0000000084200000, 0x0000000084200000, 0x0000000084300000|  0%| F|  |TAMS 0x0000000084200000, 0x0000000084200000| Untracked 
|  67|0x0000000084300000, 0x0000000084300000, 0x0000000084400000|  0%| F|  |TAMS 0x0000000084300000, 0x0000000084300000| Untracked 
|  68|0x0000000084400000, 0x0000000084400000, 0x0000000084500000|  0%| F|  |TAMS 0x0000000084400000, 0x0000000084400000| Untracked 
|  69|0x0000000084500000, 0x0000000084500000, 0x0000000084600000|  0%| F|  |TAMS 0x0000000084500000, 0x0000000084500000| Untracked 
|  70|0x0000000084600000, 0x0000000084600000, 0x0000000084700000|  0%| F|  |TAMS 0x0000000084600000, 0x0000000084600000| Untracked 
|  71|0x0000000084700000, 0x0000000084700000, 0x0000000084800000|  0%| F|  |TAMS 0x0000000084700000, 0x0000000084700000| Untracked 
|  72|0x0000000084800000, 0x0000000084800000, 0x0000000084900000|  0%| F|  |TAMS 0x0000000084800000, 0x0000000084800000| Untracked 
|  73|0x0000000084900000, 0x0000000084900000, 0x0000000084a00000|  0%| F|  |TAMS 0x0000000084900000, 0x0000000084900000| Untracked 
|  74|0x0000000084a00000, 0x0000000084a00000, 0x0000000084b00000|  0%| F|  |TAMS 0x0000000084a00000, 0x0000000084a00000| Untracked 
|  75|0x0000000084b00000, 0x0000000084b00000, 0x0000000084c00000|  0%| F|  |TAMS 0x0000000084b00000, 0x0000000084b00000| Untracked 
|  76|0x0000000084c00000, 0x0000000084c00000, 0x0000000084d00000|  0%| F|  |TAMS 0x0000000084c00000, 0x0000000084c00000| Untracked 
|  77|0x0000000084d00000, 0x0000000084d00000, 0x0000000084e00000|  0%| F|  |TAMS 0x0000000084d00000, 0x0000000084d00000| Untracked 
|  78|0x0000000084e00000, 0x0000000084e00000, 0x0000000084f00000|  0%| F|  |TAMS 0x0000000084e00000, 0x0000000084e00000| Untracked 
|  79|0x0000000084f00000, 0x0000000084f00000, 0x0000000085000000|  0%| F|  |TAMS 0x0000000084f00000, 0x0000000084f00000| Untracked 
|  80|0x0000000085000000, 0x0000000085000000, 0x0000000085100000|  0%| F|  |TAMS 0x0000000085000000, 0x0000000085000000| Untracked 
|  81|0x0000000085100000, 0x0000000085100000, 0x0000000085200000|  0%| F|  |TAMS 0x0000000085100000, 0x0000000085100000| Untracked 
|  82|0x0000000085200000, 0x0000000085200000, 0x0000000085300000|  0%| F|  |TAMS 0x0000000085200000, 0x0000000085200000| Untracked 
|  83|0x0000000085300000, 0x0000000085300000, 0x0000000085400000|  0%| F|  |TAMS 0x0000000085300000, 0x0000000085300000| Untracked 
|  84|0x0000000085400000, 0x0000000085400000, 0x0000000085500000|  0%| F|  |TAMS 0x0000000085400000, 0x0000000085400000| Untracked 
|  85|0x0000000085500000, 0x0000000085500000, 0x0000000085600000|  0%| F|  |TAMS 0x0000000085500000, 0x0000000085500000| Untracked 
|  86|0x0000000085600000, 0x0000000085600000, 0x0000000085700000|  0%| F|  |TAMS 0x0000000085600000, 0x0000000085600000| Untracked 
|  87|0x0000000085700000, 0x0000000085700000, 0x0000000085800000|  0%| F|  |TAMS 0x0000000085700000, 0x0000000085700000| Untracked 
|  88|0x0000000085800000, 0x0000000085800000, 0x0000000085900000|  0%| F|  |TAMS 0x0000000085800000, 0x0000000085800000| Untracked 
|  89|0x0000000085900000, 0x0000000085900000, 0x0000000085a00000|  0%| F|  |TAMS 0x0000000085900000, 0x0000000085900000| Untracked 
|  90|0x0000000085a00000, 0x0000000085a00000, 0x0000000085b00000|  0%| F|  |TAMS 0x0000000085a00000, 0x0000000085a00000| Untracked 
|  91|0x0000000085b00000, 0x0000000085b00000, 0x0000000085c00000|  0%| F|  |TAMS 0x0000000085b00000, 0x0000000085b00000| Untracked 
|  92|0x0000000085c00000, 0x0000000085c00000, 0x0000000085d00000|  0%| F|  |TAMS 0x0000000085c00000, 0x0000000085c00000| Untracked 
|  93|0x0000000085d00000, 0x0000000085df19a0, 0x0000000085e00000| 94%| S|CS|TAMS 0x0000000085d00000, 0x0000000085d00000| Complete 
|  94|0x0000000085e00000, 0x0000000085f00000, 0x0000000085f00000|100%| S|CS|TAMS 0x0000000085e00000, 0x0000000085e00000| Complete 
|  95|0x0000000085f00000, 0x0000000086000000, 0x0000000086000000|100%| S|CS|TAMS 0x0000000085f00000, 0x0000000085f00000| Complete 
|  96|0x0000000086000000, 0x0000000086100000, 0x0000000086100000|100%| S|CS|TAMS 0x0000000086000000, 0x0000000086000000| Complete 
|  97|0x0000000086100000, 0x0000000086200000, 0x0000000086200000|100%| S|CS|TAMS 0x0000000086100000, 0x0000000086100000| Complete 
|  98|0x0000000086200000, 0x0000000086300000, 0x0000000086300000|100%| S|CS|TAMS 0x0000000086200000, 0x0000000086200000| Complete 
|  99|0x0000000086300000, 0x0000000086400000, 0x0000000086400000|100%| S|CS|TAMS 0x0000000086300000, 0x0000000086300000| Complete 
| 100|0x0000000086400000, 0x0000000086500000, 0x0000000086500000|100%| S|CS|TAMS 0x0000000086400000, 0x0000000086400000| Complete 
| 101|0x0000000086500000, 0x0000000086600000, 0x0000000086600000|100%| S|CS|TAMS 0x0000000086500000, 0x0000000086500000| Complete 
| 102|0x0000000086600000, 0x0000000086700000, 0x0000000086700000|100%| S|CS|TAMS 0x0000000086600000, 0x0000000086600000| Complete 
| 103|0x0000000086700000, 0x0000000086800000, 0x0000000086800000|100%| S|CS|TAMS 0x0000000086700000, 0x0000000086700000| Complete 
| 104|0x0000000086800000, 0x0000000086900000, 0x0000000086900000|100%| S|CS|TAMS 0x0000000086800000, 0x0000000086800000| Complete 
| 105|0x0000000086900000, 0x0000000086900000, 0x0000000086a00000|  0%| F|  |TAMS 0x0000000086900000, 0x0000000086900000| Untracked 
| 106|0x0000000086a00000, 0x0000000086a00000, 0x0000000086b00000|  0%| F|  |TAMS 0x0000000086a00000, 0x0000000086a00000| Untracked 
| 107|0x0000000086b00000, 0x0000000086b00000, 0x0000000086c00000|  0%| F|  |TAMS 0x0000000086b00000, 0x0000000086b00000| Untracked 
| 108|0x0000000086c00000, 0x0000000086c00000, 0x0000000086d00000|  0%| F|  |TAMS 0x0000000086c00000, 0x0000000086c00000| Untracked 
| 109|0x0000000086d00000, 0x0000000086d00000, 0x0000000086e00000|  0%| F|  |TAMS 0x0000000086d00000, 0x0000000086d00000| Untracked 
| 110|0x0000000086e00000, 0x0000000086e00000, 0x0000000086f00000|  0%| F|  |TAMS 0x0000000086e00000, 0x0000000086e00000| Untracked 
| 111|0x0000000086f00000, 0x0000000086f00000, 0x0000000087000000|  0%| F|  |TAMS 0x0000000086f00000, 0x0000000086f00000| Untracked 
| 112|0x0000000087000000, 0x0000000087000000, 0x0000000087100000|  0%| F|  |TAMS 0x0000000087000000, 0x0000000087000000| Untracked 
| 113|0x0000000087100000, 0x0000000087100000, 0x0000000087200000|  0%| F|  |TAMS 0x0000000087100000, 0x0000000087100000| Untracked 
| 114|0x0000000087200000, 0x0000000087200000, 0x0000000087300000|  0%| F|  |TAMS 0x0000000087200000, 0x0000000087200000| Untracked 
| 115|0x0000000087300000, 0x0000000087300000, 0x0000000087400000|  0%| F|  |TAMS 0x0000000087300000, 0x0000000087300000| Untracked 
| 116|0x0000000087400000, 0x0000000087400000, 0x0000000087500000|  0%| F|  |TAMS 0x0000000087400000, 0x0000000087400000| Untracked 
| 117|0x0000000087500000, 0x0000000087500000, 0x0000000087600000|  0%| F|  |TAMS 0x0000000087500000, 0x0000000087500000| Untracked 
| 118|0x0000000087600000, 0x0000000087600000, 0x0000000087700000|  0%| F|  |TAMS 0x0000000087600000, 0x0000000087600000| Untracked 
| 119|0x0000000087700000, 0x0000000087700000, 0x0000000087800000|  0%| F|  |TAMS 0x0000000087700000, 0x0000000087700000| Untracked 
| 120|0x0000000087800000, 0x0000000087800000, 0x0000000087900000|  0%| F|  |TAMS 0x0000000087800000, 0x0000000087800000| Untracked 
| 121|0x0000000087900000, 0x0000000087900000, 0x0000000087a00000|  0%| F|  |TAMS 0x0000000087900000, 0x0000000087900000| Untracked 
| 122|0x0000000087a00000, 0x0000000087a00000, 0x0000000087b00000|  0%| F|  |TAMS 0x0000000087a00000, 0x0000000087a00000| Untracked 
| 123|0x0000000087b00000, 0x0000000087b00000, 0x0000000087c00000|  0%| F|  |TAMS 0x0000000087b00000, 0x0000000087b00000| Untracked 
| 124|0x0000000087c00000, 0x0000000087c00000, 0x0000000087d00000|  0%| F|  |TAMS 0x0000000087c00000, 0x0000000087c00000| Untracked 
| 125|0x0000000087d00000, 0x0000000087d00000, 0x0000000087e00000|  0%| F|  |TAMS 0x0000000087d00000, 0x0000000087d00000| Untracked 
| 126|0x0000000087e00000, 0x0000000087e00000, 0x0000000087f00000|  0%| F|  |TAMS 0x0000000087e00000, 0x0000000087e00000| Untracked 
| 127|0x0000000087f00000, 0x0000000087f00000, 0x0000000088000000|  0%| F|  |TAMS 0x0000000087f00000, 0x0000000087f00000| Untracked 
| 128|0x0000000088000000, 0x0000000088000000, 0x0000000088100000|  0%| F|  |TAMS 0x0000000088000000, 0x0000000088000000| Untracked 
| 129|0x0000000088100000, 0x00000000881f1208, 0x0000000088200000| 94%| E|  |TAMS 0x0000000088100000, 0x0000000088100000| Complete 
| 130|0x0000000088200000, 0x0000000088300000, 0x0000000088300000|100%| E|CS|TAMS 0x0000000088200000, 0x0000000088200000| Complete 
| 131|0x0000000088300000, 0x0000000088400000, 0x0000000088400000|100%| E|CS|TAMS 0x0000000088300000, 0x0000000088300000| Complete 
| 132|0x0000000088400000, 0x0000000088500000, 0x0000000088500000|100%| E|CS|TAMS 0x0000000088400000, 0x0000000088400000| Complete 
| 133|0x0000000088500000, 0x0000000088600000, 0x0000000088600000|100%| E|CS|TAMS 0x0000000088500000, 0x0000000088500000| Complete 
| 134|0x0000000088600000, 0x0000000088700000, 0x0000000088700000|100%| E|CS|TAMS 0x0000000088600000, 0x0000000088600000| Complete 
| 135|0x0000000088700000, 0x0000000088800000, 0x0000000088800000|100%| E|CS|TAMS 0x0000000088700000, 0x0000000088700000| Complete 
| 136|0x0000000088800000, 0x0000000088900000, 0x0000000088900000|100%| E|CS|TAMS 0x0000000088800000, 0x0000000088800000| Complete 
| 137|0x0000000088900000, 0x0000000088a00000, 0x0000000088a00000|100%| E|CS|TAMS 0x0000000088900000, 0x0000000088900000| Complete 
| 138|0x0000000088a00000, 0x0000000088b00000, 0x0000000088b00000|100%| E|CS|TAMS 0x0000000088a00000, 0x0000000088a00000| Complete 
| 139|0x0000000088b00000, 0x0000000088c00000, 0x0000000088c00000|100%| E|  |TAMS 0x0000000088b00000, 0x0000000088b00000| Complete 
| 140|0x0000000088c00000, 0x0000000088d00000, 0x0000000088d00000|100%| E|CS|TAMS 0x0000000088c00000, 0x0000000088c00000| Complete 
| 141|0x0000000088d00000, 0x0000000088e00000, 0x0000000088e00000|100%| E|CS|TAMS 0x0000000088d00000, 0x0000000088d00000| Complete 
| 142|0x0000000088e00000, 0x0000000088f00000, 0x0000000088f00000|100%| E|CS|TAMS 0x0000000088e00000, 0x0000000088e00000| Complete 
| 143|0x0000000088f00000, 0x0000000089000000, 0x0000000089000000|100%| E|CS|TAMS 0x0000000088f00000, 0x0000000088f00000| Complete 
| 144|0x0000000089000000, 0x0000000089100000, 0x0000000089100000|100%| E|CS|TAMS 0x0000000089000000, 0x0000000089000000| Complete 
| 145|0x0000000089100000, 0x0000000089200000, 0x0000000089200000|100%| E|CS|TAMS 0x0000000089100000, 0x0000000089100000| Complete 
| 146|0x0000000089200000, 0x0000000089300000, 0x0000000089300000|100%| E|CS|TAMS 0x0000000089200000, 0x0000000089200000| Complete 
| 147|0x0000000089300000, 0x0000000089400000, 0x0000000089400000|100%| E|CS|TAMS 0x0000000089300000, 0x0000000089300000| Complete 
| 148|0x0000000089400000, 0x0000000089500000, 0x0000000089500000|100%| E|CS|TAMS 0x0000000089400000, 0x0000000089400000| Complete 
| 149|0x0000000089500000, 0x0000000089600000, 0x0000000089600000|100%| E|CS|TAMS 0x0000000089500000, 0x0000000089500000| Complete 
| 150|0x0000000089600000, 0x0000000089700000, 0x0000000089700000|100%| E|CS|TAMS 0x0000000089600000, 0x0000000089600000| Complete 
| 151|0x0000000089700000, 0x0000000089800000, 0x0000000089800000|100%| E|CS|TAMS 0x0000000089700000, 0x0000000089700000| Complete 
| 152|0x0000000089800000, 0x0000000089900000, 0x0000000089900000|100%| E|CS|TAMS 0x0000000089800000, 0x0000000089800000| Complete 
| 153|0x0000000089900000, 0x0000000089a00000, 0x0000000089a00000|100%| E|CS|TAMS 0x0000000089900000, 0x0000000089900000| Complete 
| 154|0x0000000089a00000, 0x0000000089b00000, 0x0000000089b00000|100%| E|CS|TAMS 0x0000000089a00000, 0x0000000089a00000| Complete 
| 155|0x0000000089b00000, 0x0000000089c00000, 0x0000000089c00000|100%| E|CS|TAMS 0x0000000089b00000, 0x0000000089b00000| Complete 
| 156|0x0000000089c00000, 0x0000000089d00000, 0x0000000089d00000|100%| E|CS|TAMS 0x0000000089c00000, 0x0000000089c00000| Complete 
| 157|0x0000000089d00000, 0x0000000089e00000, 0x0000000089e00000|100%| E|CS|TAMS 0x0000000089d00000, 0x0000000089d00000| Complete 
| 158|0x0000000089e00000, 0x0000000089f00000, 0x0000000089f00000|100%| E|CS|TAMS 0x0000000089e00000, 0x0000000089e00000| Complete 
| 159|0x0000000089f00000, 0x000000008a000000, 0x000000008a000000|100%| E|CS|TAMS 0x0000000089f00000, 0x0000000089f00000| Complete 
| 160|0x000000008a000000, 0x000000008a100000, 0x000000008a100000|100%| E|CS|TAMS 0x000000008a000000, 0x000000008a000000| Complete 
| 161|0x000000008a100000, 0x000000008a200000, 0x000000008a200000|100%| E|CS|TAMS 0x000000008a100000, 0x000000008a100000| Complete 
| 162|0x000000008a200000, 0x000000008a300000, 0x000000008a300000|100%| E|CS|TAMS 0x000000008a200000, 0x000000008a200000| Complete 
| 163|0x000000008a300000, 0x000000008a400000, 0x000000008a400000|100%| E|CS|TAMS 0x000000008a300000, 0x000000008a300000| Complete 
| 164|0x000000008a400000, 0x000000008a500000, 0x000000008a500000|100%| E|CS|TAMS 0x000000008a400000, 0x000000008a400000| Complete 
| 165|0x000000008a500000, 0x000000008a600000, 0x000000008a600000|100%| E|CS|TAMS 0x000000008a500000, 0x000000008a500000| Complete 
| 166|0x000000008a600000, 0x000000008a700000, 0x000000008a700000|100%| E|CS|TAMS 0x000000008a600000, 0x000000008a600000| Complete 
| 167|0x000000008a700000, 0x000000008a800000, 0x000000008a800000|100%| E|CS|TAMS 0x000000008a700000, 0x000000008a700000| Complete 
| 168|0x000000008a800000, 0x000000008a900000, 0x000000008a900000|100%| E|CS|TAMS 0x000000008a800000, 0x000000008a800000| Complete 
| 169|0x000000008a900000, 0x000000008aa00000, 0x000000008aa00000|100%| E|CS|TAMS 0x000000008a900000, 0x000000008a900000| Complete 
| 170|0x000000008aa00000, 0x000000008ab00000, 0x000000008ab00000|100%| E|CS|TAMS 0x000000008aa00000, 0x000000008aa00000| Complete 
| 171|0x000000008ab00000, 0x000000008ac00000, 0x000000008ac00000|100%| E|CS|TAMS 0x000000008ab00000, 0x000000008ab00000| Complete 
| 172|0x000000008ac00000, 0x000000008ad00000, 0x000000008ad00000|100%| E|CS|TAMS 0x000000008ac00000, 0x000000008ac00000| Complete 
| 173|0x000000008ad00000, 0x000000008ae00000, 0x000000008ae00000|100%| E|CS|TAMS 0x000000008ad00000, 0x000000008ad00000| Complete 
| 174|0x000000008ae00000, 0x000000008af00000, 0x000000008af00000|100%| E|CS|TAMS 0x000000008ae00000, 0x000000008ae00000| Complete 
| 175|0x000000008af00000, 0x000000008b000000, 0x000000008b000000|100%| E|CS|TAMS 0x000000008af00000, 0x000000008af00000| Complete 
| 176|0x000000008b000000, 0x000000008b100000, 0x000000008b100000|100%| E|CS|TAMS 0x000000008b000000, 0x000000008b000000| Complete 
| 177|0x000000008b100000, 0x000000008b200000, 0x000000008b200000|100%| E|CS|TAMS 0x000000008b100000, 0x000000008b100000| Complete 
| 178|0x000000008b200000, 0x000000008b300000, 0x000000008b300000|100%| E|CS|TAMS 0x000000008b200000, 0x000000008b200000| Complete 
| 179|0x000000008b300000, 0x000000008b400000, 0x000000008b400000|100%| E|CS|TAMS 0x000000008b300000, 0x000000008b300000| Complete 
| 180|0x000000008b400000, 0x000000008b500000, 0x000000008b500000|100%| E|CS|TAMS 0x000000008b400000, 0x000000008b400000| Complete 
| 181|0x000000008b500000, 0x000000008b600000, 0x000000008b600000|100%| E|CS|TAMS 0x000000008b500000, 0x000000008b500000| Complete 
| 182|0x000000008b600000, 0x000000008b700000, 0x000000008b700000|100%| E|CS|TAMS 0x000000008b600000, 0x000000008b600000| Complete 
| 183|0x000000008b700000, 0x000000008b800000, 0x000000008b800000|100%| E|CS|TAMS 0x000000008b700000, 0x000000008b700000| Complete 
| 184|0x000000008b800000, 0x000000008b900000, 0x000000008b900000|100%| E|CS|TAMS 0x000000008b800000, 0x000000008b800000| Complete 
| 185|0x000000008b900000, 0x000000008ba00000, 0x000000008ba00000|100%| E|CS|TAMS 0x000000008b900000, 0x000000008b900000| Complete 
| 186|0x000000008ba00000, 0x000000008bb00000, 0x000000008bb00000|100%| E|CS|TAMS 0x000000008ba00000, 0x000000008ba00000| Complete 
| 187|0x000000008bb00000, 0x000000008bc00000, 0x000000008bc00000|100%| E|CS|TAMS 0x000000008bb00000, 0x000000008bb00000| Complete 
| 188|0x000000008bc00000, 0x000000008bd00000, 0x000000008bd00000|100%| E|CS|TAMS 0x000000008bc00000, 0x000000008bc00000| Complete 
| 189|0x000000008bd00000, 0x000000008be00000, 0x000000008be00000|100%| E|CS|TAMS 0x000000008bd00000, 0x000000008bd00000| Complete 
| 190|0x000000008be00000, 0x000000008bf00000, 0x000000008bf00000|100%| E|CS|TAMS 0x000000008be00000, 0x000000008be00000| Complete 
| 191|0x000000008bf00000, 0x000000008c000000, 0x000000008c000000|100%| E|CS|TAMS 0x000000008bf00000, 0x000000008bf00000| Complete 
| 192|0x000000008c000000, 0x000000008c100000, 0x000000008c100000|100%| E|CS|TAMS 0x000000008c000000, 0x000000008c000000| Complete 
| 193|0x000000008c100000, 0x000000008c200000, 0x000000008c200000|100%| E|CS|TAMS 0x000000008c100000, 0x000000008c100000| Complete 
| 194|0x000000008c200000, 0x000000008c300000, 0x000000008c300000|100%| E|CS|TAMS 0x000000008c200000, 0x000000008c200000| Complete 
| 195|0x000000008c300000, 0x000000008c400000, 0x000000008c400000|100%| E|CS|TAMS 0x000000008c300000, 0x000000008c300000| Complete 
| 196|0x000000008c400000, 0x000000008c500000, 0x000000008c500000|100%| E|CS|TAMS 0x000000008c400000, 0x000000008c400000| Complete 
| 197|0x000000008c500000, 0x000000008c600000, 0x000000008c600000|100%| E|CS|TAMS 0x000000008c500000, 0x000000008c500000| Complete 
| 198|0x000000008c600000, 0x000000008c700000, 0x000000008c700000|100%| E|CS|TAMS 0x000000008c600000, 0x000000008c600000| Complete 
| 199|0x000000008c700000, 0x000000008c800000, 0x000000008c800000|100%| E|CS|TAMS 0x000000008c700000, 0x000000008c700000| Complete 
| 200|0x000000008c800000, 0x000000008c900000, 0x000000008c900000|100%| E|CS|TAMS 0x000000008c800000, 0x000000008c800000| Complete 
| 201|0x000000008c900000, 0x000000008ca00000, 0x000000008ca00000|100%| E|CS|TAMS 0x000000008c900000, 0x000000008c900000| Complete 
| 202|0x000000008ca00000, 0x000000008cb00000, 0x000000008cb00000|100%| E|CS|TAMS 0x000000008ca00000, 0x000000008ca00000| Complete 
| 203|0x000000008cb00000, 0x000000008cc00000, 0x000000008cc00000|100%| E|CS|TAMS 0x000000008cb00000, 0x000000008cb00000| Complete 
| 204|0x000000008cc00000, 0x000000008cd00000, 0x000000008cd00000|100%| E|CS|TAMS 0x000000008cc00000, 0x000000008cc00000| Complete 
| 205|0x000000008cd00000, 0x000000008ce00000, 0x000000008ce00000|100%| E|CS|TAMS 0x000000008cd00000, 0x000000008cd00000| Complete 
| 206|0x000000008ce00000, 0x000000008cf00000, 0x000000008cf00000|100%| E|CS|TAMS 0x000000008ce00000, 0x000000008ce00000| Complete 
| 207|0x000000008cf00000, 0x000000008d000000, 0x000000008d000000|100%| E|CS|TAMS 0x000000008cf00000, 0x000000008cf00000| Complete 
| 208|0x000000008d000000, 0x000000008d100000, 0x000000008d100000|100%| E|CS|TAMS 0x000000008d000000, 0x000000008d000000| Complete 
| 209|0x000000008d100000, 0x000000008d200000, 0x000000008d200000|100%| E|CS|TAMS 0x000000008d100000, 0x000000008d100000| Complete 
| 210|0x000000008d200000, 0x000000008d300000, 0x000000008d300000|100%| E|CS|TAMS 0x000000008d200000, 0x000000008d200000| Complete 
| 211|0x000000008d300000, 0x000000008d400000, 0x000000008d400000|100%| E|CS|TAMS 0x000000008d300000, 0x000000008d300000| Complete 
| 212|0x000000008d400000, 0x000000008d500000, 0x000000008d500000|100%| E|CS|TAMS 0x000000008d400000, 0x000000008d400000| Complete 
| 213|0x000000008d500000, 0x000000008d600000, 0x000000008d600000|100%| E|CS|TAMS 0x000000008d500000, 0x000000008d500000| Complete 
| 214|0x000000008d600000, 0x000000008d700000, 0x000000008d700000|100%| E|CS|TAMS 0x000000008d600000, 0x000000008d600000| Complete 
| 215|0x000000008d700000, 0x000000008d800000, 0x000000008d800000|100%| E|CS|TAMS 0x000000008d700000, 0x000000008d700000| Complete 
| 216|0x000000008d800000, 0x000000008d900000, 0x000000008d900000|100%| E|CS|TAMS 0x000000008d800000, 0x000000008d800000| Complete 
| 217|0x000000008d900000, 0x000000008da00000, 0x000000008da00000|100%| E|CS|TAMS 0x000000008d900000, 0x000000008d900000| Complete 
| 218|0x000000008da00000, 0x000000008db00000, 0x000000008db00000|100%| E|CS|TAMS 0x000000008da00000, 0x000000008da00000| Complete 
| 219|0x000000008db00000, 0x000000008dc00000, 0x000000008dc00000|100%| E|CS|TAMS 0x000000008db00000, 0x000000008db00000| Complete 
| 220|0x000000008dc00000, 0x000000008dd00000, 0x000000008dd00000|100%| E|CS|TAMS 0x000000008dc00000, 0x000000008dc00000| Complete 
| 221|0x000000008dd00000, 0x000000008de00000, 0x000000008de00000|100%| E|CS|TAMS 0x000000008dd00000, 0x000000008dd00000| Complete 
| 222|0x000000008de00000, 0x000000008df00000, 0x000000008df00000|100%| E|CS|TAMS 0x000000008de00000, 0x000000008de00000| Complete 
| 223|0x000000008df00000, 0x000000008e000000, 0x000000008e000000|100%| E|CS|TAMS 0x000000008df00000, 0x000000008df00000| Complete 
| 224|0x000000008e000000, 0x000000008e100000, 0x000000008e100000|100%| E|CS|TAMS 0x000000008e000000, 0x000000008e000000| Complete 
| 225|0x000000008e100000, 0x000000008e200000, 0x000000008e200000|100%| E|CS|TAMS 0x000000008e100000, 0x000000008e100000| Complete 
| 226|0x000000008e200000, 0x000000008e300000, 0x000000008e300000|100%| E|CS|TAMS 0x000000008e200000, 0x000000008e200000| Complete 
| 227|0x000000008e300000, 0x000000008e400000, 0x000000008e400000|100%| E|CS|TAMS 0x000000008e300000, 0x000000008e300000| Complete 
| 228|0x000000008e400000, 0x000000008e500000, 0x000000008e500000|100%| E|CS|TAMS 0x000000008e400000, 0x000000008e400000| Complete 
| 229|0x000000008e500000, 0x000000008e600000, 0x000000008e600000|100%| E|CS|TAMS 0x000000008e500000, 0x000000008e500000| Complete 
| 230|0x000000008e600000, 0x000000008e700000, 0x000000008e700000|100%| E|CS|TAMS 0x000000008e600000, 0x000000008e600000| Complete 
| 231|0x000000008e700000, 0x000000008e800000, 0x000000008e800000|100%| E|CS|TAMS 0x000000008e700000, 0x000000008e700000| Complete 
| 232|0x000000008e800000, 0x000000008e900000, 0x000000008e900000|100%| E|CS|TAMS 0x000000008e800000, 0x000000008e800000| Complete 
| 233|0x000000008e900000, 0x000000008ea00000, 0x000000008ea00000|100%| E|CS|TAMS 0x000000008e900000, 0x000000008e900000| Complete 
| 234|0x000000008ea00000, 0x000000008eb00000, 0x000000008eb00000|100%| E|CS|TAMS 0x000000008ea00000, 0x000000008ea00000| Complete 
| 235|0x000000008eb00000, 0x000000008ec00000, 0x000000008ec00000|100%| E|CS|TAMS 0x000000008eb00000, 0x000000008eb00000| Complete 
| 236|0x000000008ec00000, 0x000000008ed00000, 0x000000008ed00000|100%| E|CS|TAMS 0x000000008ec00000, 0x000000008ec00000| Complete 
| 237|0x000000008ed00000, 0x000000008ee00000, 0x000000008ee00000|100%| E|CS|TAMS 0x000000008ed00000, 0x000000008ed00000| Complete 
| 238|0x000000008ee00000, 0x000000008ef00000, 0x000000008ef00000|100%| E|CS|TAMS 0x000000008ee00000, 0x000000008ee00000| Complete 
| 239|0x000000008ef00000, 0x000000008f000000, 0x000000008f000000|100%| E|CS|TAMS 0x000000008ef00000, 0x000000008ef00000| Complete 
| 240|0x000000008f000000, 0x000000008f100000, 0x000000008f100000|100%| E|CS|TAMS 0x000000008f000000, 0x000000008f000000| Complete 
| 241|0x000000008f100000, 0x000000008f200000, 0x000000008f200000|100%| E|CS|TAMS 0x000000008f100000, 0x000000008f100000| Complete 
| 242|0x000000008f200000, 0x000000008f300000, 0x000000008f300000|100%| E|CS|TAMS 0x000000008f200000, 0x000000008f200000| Complete 
| 243|0x000000008f300000, 0x000000008f400000, 0x000000008f400000|100%| E|CS|TAMS 0x000000008f300000, 0x000000008f300000| Complete 
| 244|0x000000008f400000, 0x000000008f500000, 0x000000008f500000|100%| E|CS|TAMS 0x000000008f400000, 0x000000008f400000| Complete 
| 245|0x000000008f500000, 0x000000008f600000, 0x000000008f600000|100%| E|CS|TAMS 0x000000008f500000, 0x000000008f500000| Complete 
| 246|0x000000008f600000, 0x000000008f700000, 0x000000008f700000|100%| E|CS|TAMS 0x000000008f600000, 0x000000008f600000| Complete 
| 247|0x000000008f700000, 0x000000008f800000, 0x000000008f800000|100%| E|CS|TAMS 0x000000008f700000, 0x000000008f700000| Complete 
| 248|0x000000008f800000, 0x000000008f900000, 0x000000008f900000|100%| E|CS|TAMS 0x000000008f800000, 0x000000008f800000| Complete 
| 249|0x000000008f900000, 0x000000008fa00000, 0x000000008fa00000|100%| E|CS|TAMS 0x000000008f900000, 0x000000008f900000| Complete 
| 250|0x000000008fa00000, 0x000000008fb00000, 0x000000008fb00000|100%| E|CS|TAMS 0x000000008fa00000, 0x000000008fa00000| Complete 
| 251|0x000000008fb00000, 0x000000008fc00000, 0x000000008fc00000|100%| E|CS|TAMS 0x000000008fb00000, 0x000000008fb00000| Complete 
| 252|0x000000008fc00000, 0x000000008fd00000, 0x000000008fd00000|100%| E|CS|TAMS 0x000000008fc00000, 0x000000008fc00000| Complete 
| 253|0x000000008fd00000, 0x000000008fe00000, 0x000000008fe00000|100%| E|CS|TAMS 0x000000008fd00000, 0x000000008fd00000| Complete 
| 254|0x000000008fe00000, 0x000000008ff00000, 0x000000008ff00000|100%| E|CS|TAMS 0x000000008fe00000, 0x000000008fe00000| Complete 
| 255|0x000000008ff00000, 0x0000000090000000, 0x0000000090000000|100%| E|CS|TAMS 0x000000008ff00000, 0x000000008ff00000| Complete 

Card table byte_map: [0x000001d4c8530000,0x000001d4c8930000] _byte_map_base: 0x000001d4c8130000

Marking Bits (Prev, Next): (CMBitMap*) 0x000001d4b534cb70, (CMBitMap*) 0x000001d4b534cb38
 Prev Bits: [0x000001d4cad30000, 0x000001d4ccd30000)
 Next Bits: [0x000001d4c8d30000, 0x000001d4cad30000)

Polling page: 0x000001d4b4af0000

Metaspace:

Usage:
  Non-class:     69.48 MB capacity,    68.06 MB ( 98%) used,     1.19 MB (  2%) free+waste,   236.63 KB ( <1%) overhead. 
      Class:     11.03 MB capacity,    10.23 MB ( 93%) used,   712.78 KB (  6%) free+waste,   109.63 KB ( <1%) overhead. 
       Both:     80.51 MB capacity,    78.29 MB ( 97%) used,     1.88 MB (  2%) free+waste,   346.25 KB ( <1%) overhead. 

Virtual space:
  Non-class space:       70.00 MB reserved,      69.50 MB (>99%) committed 
      Class space:        1.00 GB reserved,      11.13 MB (  1%) committed 
             Both:        1.07 GB reserved,      80.63 MB (  7%) committed 

Chunk freelists:
   Non-Class:  20.00 KB
       Class:  0 bytes
        Both:  20.00 KB

MaxMetaspaceSize: 17179869184.00 GB
CompressedClassSpaceSize: 1.00 GB

CodeHeap 'non-profiled nmethods': size=120000Kb used=5690Kb max_used=5690Kb free=114309Kb
 bounds [0x000001d4c08d0000, 0x000001d4c0e60000, 0x000001d4c7e00000]
CodeHeap 'profiled nmethods': size=120000Kb used=18960Kb max_used=18960Kb free=101039Kb
 bounds [0x000001d4b93a0000, 0x000001d4ba630000, 0x000001d4c08d0000]
CodeHeap 'non-nmethods': size=5760Kb used=2272Kb max_used=2342Kb free=3487Kb
 bounds [0x000001d4b8e00000, 0x000001d4b9070000, 0x000001d4b93a0000]
 total_blobs=9765 nmethods=8895 adapters=781
 compilation: enabled
              stopped_count=0, restarted_count=0
 full_count=0

Compilation events (20 events):
Event: 27.902 Thread 0x000001d4d96e7000 8911       4       org.gradle.internal.snapshot.RelativePathTrackingFileSystemSnapshotHierarchyVisitor::enterDirectory (1 bytes)
Event: 27.902 Thread 0x000001d4d006a000 nmethod 8910 0x000001d4c0e5e090 code [0x000001d4c0e5e220, 0x000001d4c0e5e278]
Event: 27.902 Thread 0x000001d4d96e7000 nmethod 8911 0x000001d4c0e5e310 code [0x000001d4c0e5e4a0, 0x000001d4c0e5e4f8]
Event: 27.905 Thread 0x000001d4d96e2000 8912       4       org.gradle.internal.snapshot.DirectorySnapshot$$Lambda$964/0x0000000100af4440::accept (20 bytes)
Event: 27.931 Thread 0x000001d4d006a000 8913       4       com.google.common.collect.MapMakerInternalMap$WeakKeyDummyValueSegment::self (5 bytes)
Event: 27.931 Thread 0x000001d4d006a000 nmethod 8913 0x000001d4c0e5e590 code [0x000001d4c0e5e720, 0x000001d4c0e5e778]
Event: 28.014 Thread 0x000001d4d0081000 8914       3       org.gradle.internal.snapshot.AbstractListChildMap$1::getChildMap (5 bytes)
Event: 28.014 Thread 0x000001d4d0081000 nmethod 8914 0x000001d4ba622590 code [0x000001d4ba622740, 0x000001d4ba622858]
Event: 28.036 Thread 0x000001d4d0081000 8915       3       java.io.FileInputStream::read (9 bytes)
Event: 28.036 Thread 0x000001d4d0081000 nmethod 8915 0x000001d4ba622910 code [0x000001d4ba622ac0, 0x000001d4ba622c08]
Event: 28.063 Thread 0x000001d4d0081000 8916       3       org.gradle.internal.watch.vfs.impl.WatchingVirtualFileSystem$3$$Lambda$845/0x0000000100ab5040::<init> (26 bytes)
Event: 28.063 Thread 0x000001d4d0081000 nmethod 8916 0x000001d4ba622d10 code [0x000001d4ba622ee0, 0x000001d4ba6231b8]
Event: 28.152 Thread 0x000001d4d0081000 8917       3       com.google.common.io.ByteStreams$1::write (6 bytes)
Event: 28.153 Thread 0x000001d4d0081000 nmethod 8917 0x000001d4ba623290 code [0x000001d4ba623460, 0x000001d4ba6236a8]
Event: 28.153 Thread 0x000001d4d0081000 8918       3       org.gradle.internal.hash.Hashing$MessageDigestHasher::putBytes (11 bytes)
Event: 28.153 Thread 0x000001d4d0081000 nmethod 8918 0x000001d4ba623790 code [0x000001d4ba623960, 0x000001d4ba623c98]
Event: 28.313 Thread 0x000001d4d0081000 8919       3       org.gradle.api.internal.changedetection.state.FileTimeStampInspector::timestampCanBeUsedToDetectFileChange (15 bytes)
Event: 28.313 Thread 0x000001d4d0081000 nmethod 8919 0x000001d4ba623e10 code [0x000001d4ba623fc0, 0x000001d4ba624118]
Event: 28.350 Thread 0x000001d4d006a000 8920       4       sun.nio.fs.WindowsFileAttributes::isSymbolicLink (15 bytes)
Event: 28.351 Thread 0x000001d4d006a000 nmethod 8920 0x000001d4c0e5e810 code [0x000001d4c0e5e9a0, 0x000001d4c0e5ea18]

GC Heap History (16 events):
Event: 1.433 GC heap before
{Heap before GC invocations=0 (full 0):
 garbage-first heap   total 262144K, used 29696K [0x0000000080000000, 0x0000000100000000)
  region size 1024K, 24 young (24576K), 0 survivors (0K)
 Metaspace       used 9797K, capacity 10002K, committed 10112K, reserved 1058816K
  class space    used 1022K, capacity 1102K, committed 1152K, reserved 1048576K
}
Event: 1.444 GC heap after
{Heap after GC invocations=1 (full 0):
 garbage-first heap   total 262144K, used 9234K [0x0000000080000000, 0x0000000100000000)
  region size 1024K, 3 young (3072K), 3 survivors (3072K)
 Metaspace       used 9797K, capacity 10002K, committed 10112K, reserved 1058816K
  class space    used 1022K, capacity 1102K, committed 1152K, reserved 1048576K
}
Event: 4.498 GC heap before
{Heap before GC invocations=1 (full 0):
 garbage-first heap   total 262144K, used 105490K [0x0000000080000000, 0x0000000100000000)
  region size 1024K, 98 young (100352K), 3 survivors (3072K)
 Metaspace       used 20632K, capacity 21134K, committed 21248K, reserved 1067008K
  class space    used 2520K, capacity 2720K, committed 2816K, reserved 1048576K
}
Event: 4.510 GC heap after
{Heap after GC invocations=2 (full 0):
 garbage-first heap   total 262144K, used 17060K [0x0000000080000000, 0x0000000100000000)
  region size 1024K, 11 young (11264K), 11 survivors (11264K)
 Metaspace       used 20632K, capacity 21134K, committed 21248K, reserved 1067008K
  class space    used 2520K, capacity 2720K, committed 2816K, reserved 1048576K
}
Event: 6.255 GC heap before
{Heap before GC invocations=3 (full 0):
 garbage-first heap   total 262144K, used 69284K [0x0000000080000000, 0x0000000100000000)
  region size 1024K, 62 young (63488K), 11 survivors (11264K)
 Metaspace       used 25836K, capacity 26437K, committed 26752K, reserved 1073152K
  class space    used 3382K, capacity 3599K, committed 3712K, reserved 1048576K
}
Event: 6.264 GC heap after
{Heap after GC invocations=4 (full 0):
 garbage-first heap   total 262144K, used 19086K [0x0000000080000000, 0x0000000100000000)
  region size 1024K, 3 young (3072K), 3 survivors (3072K)
 Metaspace       used 25836K, capacity 26437K, committed 26752K, reserved 1073152K
  class space    used 3382K, capacity 3599K, committed 3712K, reserved 1048576K
}
Event: 7.517 GC heap before
{Heap before GC invocations=4 (full 0):
 garbage-first heap   total 262144K, used 76430K [0x0000000080000000, 0x0000000100000000)
  region size 1024K, 60 young (61440K), 3 survivors (3072K)
 Metaspace       used 34927K, capacity 35750K, committed 35840K, reserved 1081344K
  class space    used 4530K, capacity 4832K, committed 4864K, reserved 1048576K
}
Event: 7.530 GC heap after
{Heap after GC invocations=5 (full 0):
 garbage-first heap   total 262144K, used 22855K [0x0000000080000000, 0x0000000100000000)
  region size 1024K, 6 young (6144K), 6 survivors (6144K)
 Metaspace       used 34927K, capacity 35750K, committed 35840K, reserved 1081344K
  class space    used 4530K, capacity 4832K, committed 4864K, reserved 1048576K
}
Event: 9.418 GC heap before
{Heap before GC invocations=6 (full 0):
 garbage-first heap   total 262144K, used 137543K [0x0000000080000000, 0x0000000100000000)
  region size 1024K, 115 young (117760K), 6 survivors (6144K)
 Metaspace       used 43943K, capacity 45014K, committed 45312K, reserved 1089536K
  class space    used 5642K, capacity 6034K, committed 6144K, reserved 1048576K
}
Event: 9.427 GC heap after
{Heap after GC invocations=7 (full 0):
 garbage-first heap   total 262144K, used 28895K [0x0000000080000000, 0x0000000100000000)
  region size 1024K, 12 young (12288K), 12 survivors (12288K)
 Metaspace       used 43943K, capacity 45014K, committed 45312K, reserved 1089536K
  class space    used 5642K, capacity 6034K, committed 6144K, reserved 1048576K
}
Event: 21.042 GC heap before
{Heap before GC invocations=7 (full 0):
 garbage-first heap   total 262144K, used 159967K [0x0000000080000000, 0x0000000100000000)
  region size 1024K, 137 young (140288K), 12 survivors (12288K)
 Metaspace       used 56251K, capacity 57670K, committed 57856K, reserved 1099776K
  class space    used 7143K, capacity 7628K, committed 7680K, reserved 1048576K
}
Event: 21.062 GC heap after
{Heap after GC invocations=8 (full 0):
 garbage-first heap   total 262144K, used 43356K [0x0000000080000000, 0x0000000100000000)
  region size 1024K, 17 young (17408K), 17 survivors (17408K)
 Metaspace       used 56251K, capacity 57670K, committed 57856K, reserved 1099776K
  class space    used 7143K, capacity 7628K, committed 7680K, reserved 1048576K
}
Event: 21.497 GC heap before
{Heap before GC invocations=8 (full 0):
 garbage-first heap   total 262144K, used 54620K [0x0000000080000000, 0x0000000100000000)
  region size 1024K, 29 young (29696K), 17 survivors (17408K)
 Metaspace       used 58521K, capacity 60038K, committed 60160K, reserved 1101824K
  class space    used 7422K, capacity 7970K, committed 8064K, reserved 1048576K
}
Event: 21.519 GC heap after
{Heap after GC invocations=9 (full 0):
 garbage-first heap   total 262144K, used 45076K [0x0000000080000000, 0x0000000100000000)
  region size 1024K, 13 young (13312K), 13 survivors (13312K)
 Metaspace       used 58521K, capacity 60038K, committed 60160K, reserved 1101824K
  class space    used 7422K, capacity 7970K, committed 8064K, reserved 1048576K
}
Event: 23.935 GC heap before
{Heap before GC invocations=10 (full 0):
 garbage-first heap   total 262144K, used 186388K [0x0000000080000000, 0x0000000100000000)
  region size 1024K, 151 young (154624K), 13 survivors (13312K)
 Metaspace       used 70440K, capacity 72185K, committed 72320K, reserved 1112064K
  class space    used 9164K, capacity 9787K, committed 9856K, reserved 1048576K
}
Event: 23.953 GC heap after
{Heap after GC invocations=11 (full 0):
 garbage-first heap   total 262144K, used 55238K [0x0000000080000000, 0x0000000100000000)
  region size 1024K, 12 young (12288K), 12 survivors (12288K)
 Metaspace       used 70440K, capacity 72185K, committed 72320K, reserved 1112064K
  class space    used 9164K, capacity 9787K, committed 9856K, reserved 1048576K
}

Deoptimization events (20 events):
Event: 27.672 Thread 0x000001d4d96e0800 DEOPT PACKING pc=0x000001d4c0b44858 sp=0x00000038c97fe4c0
Event: 27.672 Thread 0x000001d4d96e0800 DEOPT UNPACKING pc=0x000001d4b8e278af sp=0x00000038c97fe3b0 mode 2
Event: 27.685 Thread 0x000001d4d2d5d000 Uncommon trap: trap_request=0xffffff4d fr.pc=0x000001d4c0e2dfc0 relative=0x0000000000000300
Event: 27.685 Thread 0x000001d4d2d5d000 Uncommon trap: reason=unstable_if action=reinterpret pc=0x000001d4c0e2dfc0 method=java.util.concurrent.locks.AbstractQueuedSynchronizer.enq(Ljava/util/concurrent/locks/AbstractQueuedSynchronizer$Node;)Ljava/util/concurrent/locks/AbstractQueuedSynchronizer
Event: 27.685 Thread 0x000001d4d2d5d000 DEOPT PACKING pc=0x000001d4c0e2dfc0 sp=0x00000038c83fce90
Event: 27.685 Thread 0x000001d4d2d5d000 DEOPT UNPACKING pc=0x000001d4b8e278af sp=0x00000038c83fce48 mode 2
Event: 27.702 Thread 0x000001d4d6129000 Uncommon trap: trap_request=0xffffffcc fr.pc=0x000001d4c0e355e0 relative=0x0000000000000320
Event: 27.702 Thread 0x000001d4d6129000 Uncommon trap: reason=intrinsic_or_type_checked_inlining action=make_not_entrant pc=0x000001d4c0e355e0 method=java.util.Arrays.copyOfRange([Ljava/lang/Object;IILjava/lang/Class;)[Ljava/lang/Object; @ 83 c2
Event: 27.702 Thread 0x000001d4d6129000 DEOPT PACKING pc=0x000001d4c0e355e0 sp=0x00000038c85fbad0
Event: 27.702 Thread 0x000001d4d6129000 DEOPT UNPACKING pc=0x000001d4b8e278af sp=0x00000038c85fba50 mode 2
Event: 27.713 Thread 0x000001d4d2d59800 DEOPT PACKING pc=0x000001d4ba4dc970 sp=0x00000038c79fe6a0
Event: 27.713 Thread 0x000001d4d2d59800 DEOPT UNPACKING pc=0x000001d4b8e276ce sp=0x00000038c79fdb58 mode 0
Event: 27.731 Thread 0x000001d4d0083800 DEOPT PACKING pc=0x000001d4ba4dc970 sp=0x00000038c71fe590
Event: 27.731 Thread 0x000001d4d0083800 DEOPT UNPACKING pc=0x000001d4b8e276ce sp=0x00000038c71fda48 mode 0
Event: 27.744 Thread 0x000001d4d2d61000 DEOPT PACKING pc=0x000001d4ba4dc970 sp=0x00000038c80fe4c0
Event: 27.744 Thread 0x000001d4d2d61000 DEOPT UNPACKING pc=0x000001d4b8e276ce sp=0x00000038c80fd978 mode 0
Event: 27.867 Thread 0x000001d4d612c000 Uncommon trap: trap_request=0xffffff4d fr.pc=0x000001d4c0e1a110 relative=0x0000000000000350
Event: 27.867 Thread 0x000001d4d612c000 Uncommon trap: reason=unstable_if action=reinterpret pc=0x000001d4c0e1a110 method=java.util.concurrent.ConcurrentLinkedQueue.offer(Ljava/lang/Object;)Z @ 42 c2
Event: 27.867 Thread 0x000001d4d612c000 DEOPT PACKING pc=0x000001d4c0e1a110 sp=0x00000038c88fac00
Event: 27.867 Thread 0x000001d4d612c000 DEOPT UNPACKING pc=0x000001d4b8e278af sp=0x00000038c88faba0 mode 2

Classes redefined (0 events):
No events

Internal exceptions (20 events):
Event: 25.211 Thread 0x000001d4d6133800 Exception <a 'java/lang/NoSuchMethodError'{0x000000008c969e00}: <clinit>> (0x000000008c969e00) thrown at [./src/hotspot/share/prims/jni.cpp, line 1362]
Event: 25.391 Thread 0x000001d4d0080800 Exception <a 'java/lang/NoSuchMethodError'{0x000000008c600cf0}: <clinit>> (0x000000008c600cf0) thrown at [./src/hotspot/share/prims/jni.cpp, line 1362]
Event: 25.538 Thread 0x000001d4d0084800 Exception <a 'java/lang/NoSuchMethodError'{0x000000008c54e1e8}: 'java.lang.Object java.lang.invoke.Invokers$Holder.linkToTargetMethod(java.lang.Object, java.lang.Object, java.lang.Object, int, java.lang.Object, java.lang.Object)'> (0x000000008c54e1e8) thrown at [./src/hotspot/share/interpreter/linkResolver.cpp, line 773]
Event: 25.545 Thread 0x000001d4d0084800 Exception <a 'java/lang/IncompatibleClassChangeError'{0x000000008c5b2be0}: Found class java.lang.Object, but interface was expected> (0x000000008c5b2be0) thrown at [./src/hotspot/share/interpreter/linkResolver.cpp, line 839]
Event: 25.581 Thread 0x000001d4d0084800 Exception <a 'java/lang/NoSuchMethodError'{0x000000008c38c898}: 'int java.lang.invoke.DirectMethodHandle$Holder.invokeStaticInit(java.lang.Object, java.lang.Object, java.lang.Object, java.lang.Object, java.lang.Object)'> (0x000000008c38c898) thrown at [./src/hotspot/share/interpreter/linkResolver.cpp, line 773]
Event: 25.597 Thread 0x000001d4d0084800 Exception <a 'java/lang/NoSuchMethodError'{0x000000008c278f30}: 'void java.lang.invoke.DirectMethodHandle$Holder.invokeVirtual(java.lang.Object, java.lang.Object)'> (0x000000008c278f30) thrown at [./src/hotspot/share/interpreter/linkResolver.cpp, line 773]
Event: 25.740 Thread 0x000001d4d0084800 Exception <a 'java/lang/NoSuchMethodError'{0x000000008be17010}: 'void java.lang.invoke.DirectMethodHandle$Holder.invokeStatic(java.lang.Object, java.lang.Object, java.lang.Object, java.lang.Object, java.lang.Object, java.lang.Object, java.lang.Object)'> (0x000000008be17010) thrown at [./src/hotspot/share/interpreter/linkResolver.cpp, line 773]
Event: 25.750 Thread 0x000001d4d0080800 Exception <a 'java/lang/NoSuchMethodError'{0x000000008bd11b20}: <clinit>> (0x000000008bd11b20) thrown at [./src/hotspot/share/prims/jni.cpp, line 1362]
Event: 25.772 Thread 0x000001d4d0084800 Exception <a 'sun/nio/fs/WindowsException'{0x000000008bde1f60}> (0x000000008bde1f60) thrown at [./src/hotspot/share/prims/jni.cpp, line 615]
Event: 25.772 Thread 0x000001d4d0084800 Exception <a 'sun/nio/fs/WindowsException'{0x000000008bde2df8}> (0x000000008bde2df8) thrown at [./src/hotspot/share/prims/jni.cpp, line 615]
Event: 25.810 Thread 0x000001d4d96e1800 Exception <a 'sun/nio/fs/WindowsException'{0x000000008ba2dd38}> (0x000000008ba2dd38) thrown at [./src/hotspot/share/prims/jni.cpp, line 615]
Event: 26.414 Thread 0x000001d4d6129000 Exception <a 'java/lang/NoSuchMethodError'{0x000000008af162e8}: 'java.lang.Object java.lang.invoke.DirectMethodHandle$Holder.invokeSpecialIFC(java.lang.Object, java.lang.Object, java.lang.Object)'> (0x000000008af162e8) thrown at [./src/hotspot/share/interpreter/linkResolver.cpp, line 773]
Event: 26.414 Thread 0x000001d4d2d62800 Exception <a 'java/lang/NoSuchMethodError'{0x000000008b1959f0}: 'java.lang.Object java.lang.invoke.DirectMethodHandle$Holder.invokeSpecialIFC(java.lang.Object, java.lang.Object, java.lang.Object)'> (0x000000008b1959f0) thrown at [./src/hotspot/share/interpreter/linkResolver.cpp, line 773]
Event: 26.414 Thread 0x000001d4d6135000 Exception <a 'java/lang/NoSuchMethodError'{0x000000008b0ec1f8}: 'java.lang.Object java.lang.invoke.DirectMethodHandle$Holder.invokeSpecialIFC(java.lang.Object, java.lang.Object, java.lang.Object)'> (0x000000008b0ec1f8) thrown at [./src/hotspot/share/interpreter/linkResolver.cpp, line 773]
Event: 26.414 Thread 0x000001d4d2d5d000 Exception <a 'java/lang/NoSuchMethodError'{0x000000008af2c4a8}: 'java.lang.Object java.lang.invoke.DirectMethodHandle$Holder.invokeSpecialIFC(java.lang.Object, java.lang.Object, java.lang.Object)'> (0x000000008af2c4a8) thrown at [./src/hotspot/share/interpreter/linkResolver.cpp, line 773]
Event: 26.414 Thread 0x000001d4d612c000 Exception <a 'java/lang/NoSuchMethodError'{0x000000008af75d68}: 'java.lang.Object java.lang.invoke.DirectMethodHandle$Holder.invokeSpecialIFC(java.lang.Object, java.lang.Object, java.lang.Object)'> (0x000000008af75d68) thrown at [./src/hotspot/share/interpreter/linkResolver.cpp, line 773]
Event: 26.414 Thread 0x000001d4d6129800 Exception <a 'java/lang/NoSuchMethodError'{0x000000008b1dbff0}: 'java.lang.Object java.lang.invoke.DirectMethodHandle$Holder.invokeSpecialIFC(java.lang.Object, java.lang.Object, java.lang.Object)'> (0x000000008b1dbff0) thrown at [./src/hotspot/share/interpreter/linkResolver.cpp, line 773]
Event: 26.414 Thread 0x000001d4d612e800 Exception <a 'java/lang/NoSuchMethodError'{0x000000008b1ba0f0}: 'java.lang.Object java.lang.invoke.DirectMethodHandle$Holder.invokeSpecialIFC(java.lang.Object, java.lang.Object, java.lang.Object)'> (0x000000008b1ba0f0) thrown at [./src/hotspot/share/interpreter/linkResolver.cpp, line 773]
Event: 26.415 Thread 0x000001d4d2d5c000 Exception <a 'java/lang/NoSuchMethodError'{0x000000008af53b28}: 'java.lang.Object java.lang.invoke.DirectMethodHandle$Holder.invokeSpecialIFC(java.lang.Object, java.lang.Object, java.lang.Object)'> (0x000000008af53b28) thrown at [./src/hotspot/share/interpreter/linkResolver.cpp, line 773]
Event: 27.297 Thread 0x000001d4d6135000 Exception <a 'java/lang/NoSuchMethodError'{0x0000000088c65900}: <clinit>> (0x0000000088c65900) thrown at [./src/hotspot/share/prims/jni.cpp, line 1362]

Events (20 events):
Event: 27.782 Executing coalesced safepoint VM operation: RevokeBias
Event: 27.782 Executing coalesced safepoint VM operation: RevokeBias done
Event: 27.782 Executing coalesced safepoint VM operation: RevokeBias
Event: 27.782 Executing coalesced safepoint VM operation: RevokeBias done
Event: 27.782 Executing VM operation: RevokeBias done
Event: 27.796 Executing VM operation: RevokeBias
Event: 27.797 Executing VM operation: RevokeBias done
Event: 27.837 Executing VM operation: RevokeBias
Event: 27.837 Executing VM operation: RevokeBias done
Event: 27.840 Executing VM operation: RevokeBias
Event: 27.840 Executing VM operation: RevokeBias done
Event: 27.889 loading class org/gradle/api/internal/file/collections/ListBackedFileSet
Event: 27.889 loading class org/gradle/api/internal/file/collections/ListBackedFileSet done
Event: 27.890 Executing VM operation: RevokeBias
Event: 27.890 Executing VM operation: RevokeBias done
Event: 27.896 loading class org/gradle/internal/snapshot/FileSystemLocationSnapshot
Event: 27.896 loading class org/gradle/internal/snapshot/FileSystemLocationSnapshot done
Event: 27.896 loading class org/gradle/internal/fingerprint/impl/RelativePathFingerprintingStrategy
Event: 27.896 loading class org/gradle/internal/fingerprint/impl/RelativePathFingerprintingStrategy done
Event: 28.014 Thread 0x000001d4d96e7000 Thread exited: 0x000001d4d96e7000


Dynamic libraries:
0x00007ff66de70000 - 0x00007ff66de7a000 	D:\Android Studio\jre\bin\java.exe
0x00007ffbb2390000 - 0x00007ffbb2585000 	C:\WINDOWS\SYSTEM32\ntdll.dll
0x00007ffbb2020000 - 0x00007ffbb20de000 	C:\WINDOWS\System32\KERNEL32.DLL
0x00007ffbaffc0000 - 0x00007ffbb0288000 	C:\WINDOWS\System32\KERNELBASE.dll
0x00007ffbafaa0000 - 0x00007ffbafba0000 	C:\WINDOWS\System32\ucrtbase.dll
0x00007ffb8bcb0000 - 0x00007ffb8bcc7000 	D:\Android Studio\jre\bin\VCRUNTIME140.dll
0x00007ffb85700000 - 0x00007ffb85719000 	D:\Android Studio\jre\bin\jli.dll
0x00007ffbb1510000 - 0x00007ffbb16b1000 	C:\WINDOWS\System32\USER32.dll
0x00007ffb9dab0000 - 0x00007ffb9dd4a000 	C:\WINDOWS\WinSxS\amd64_microsoft.windows.common-controls_6595b64144ccf1df_6.0.19041.1110_none_60b5254171f9507e\COMCTL32.dll
0x00007ffbb03a0000 - 0x00007ffbb03c2000 	C:\WINDOWS\System32\win32u.dll
0x00007ffbb1a10000 - 0x00007ffbb1aae000 	C:\WINDOWS\System32\msvcrt.dll
0x00007ffbb0a60000 - 0x00007ffbb0a8b000 	C:\WINDOWS\System32\GDI32.dll
0x00007ffbafeb0000 - 0x00007ffbaffbd000 	C:\WINDOWS\System32\gdi32full.dll
0x00007ffbafba0000 - 0x00007ffbafc3d000 	C:\WINDOWS\System32\msvcp_win.dll
0x00007ffbb1970000 - 0x00007ffbb19a0000 	C:\WINDOWS\System32\IMM32.DLL
0x00007ffb72330000 - 0x00007ffb723cd000 	D:\Android Studio\jre\bin\msvcp140.dll
0x00007ffb5b230000 - 0x00007ffb5bcff000 	D:\Android Studio\jre\bin\server\jvm.dll
0x00007ffbb0430000 - 0x00007ffbb04dc000 	C:\WINDOWS\System32\ADVAPI32.dll
0x00007ffbb0960000 - 0x00007ffbb09fb000 	C:\WINDOWS\System32\sechost.dll
0x00007ffbb1b70000 - 0x00007ffbb1c9a000 	C:\WINDOWS\System32\RPCRT4.dll
0x00007ffbb2340000 - 0x00007ffbb2348000 	C:\WINDOWS\System32\PSAPI.DLL
0x00007ffb9ecd0000 - 0x00007ffb9ecd9000 	C:\WINDOWS\SYSTEM32\WSOCK32.dll
0x00007ffba0a50000 - 0x00007ffba0a77000 	C:\WINDOWS\SYSTEM32\WINMM.dll
0x00007ffba6640000 - 0x00007ffba664a000 	C:\WINDOWS\SYSTEM32\VERSION.dll
0x00007ffbb19a0000 - 0x00007ffbb1a0b000 	C:\WINDOWS\System32\WS2_32.dll
0x00007ffbad8b0000 - 0x00007ffbad8c2000 	C:\WINDOWS\SYSTEM32\kernel.appcore.dll
0x00007ffb94460000 - 0x00007ffb94471000 	D:\Android Studio\jre\bin\verify.dll
0x00007ffb9f100000 - 0x00007ffb9f2e4000 	C:\WINDOWS\SYSTEM32\DBGHELP.DLL
0x00007ffb9be10000 - 0x00007ffb9be3c000 	C:\WINDOWS\SYSTEM32\dbgcore.DLL
0x00007ffbb0290000 - 0x00007ffbb0313000 	C:\WINDOWS\System32\bcryptPrimitives.dll
0x00007ffb8cc70000 - 0x00007ffb8cc99000 	D:\Android Studio\jre\bin\java.dll
0x00007ffbab4d0000 - 0x00007ffbab4db000 	D:\Android Studio\jre\bin\jimage.dll
0x00007ffb942f0000 - 0x00007ffb94308000 	D:\Android Studio\jre\bin\zip.dll
0x00007ffbb0d60000 - 0x00007ffbb14a4000 	C:\WINDOWS\System32\SHELL32.dll
0x00007ffbadb90000 - 0x00007ffbae324000 	C:\WINDOWS\SYSTEM32\windows.storage.dll
0x00007ffbb1cc0000 - 0x00007ffbb2015000 	C:\WINDOWS\System32\combase.dll
0x00007ffbaf4f0000 - 0x00007ffbaf51e000 	C:\WINDOWS\SYSTEM32\Wldp.dll
0x00007ffbb1ac0000 - 0x00007ffbb1b6d000 	C:\WINDOWS\System32\SHCORE.dll
0x00007ffbb14b0000 - 0x00007ffbb1505000 	C:\WINDOWS\System32\shlwapi.dll
0x00007ffbaf9e0000 - 0x00007ffbaf9ff000 	C:\WINDOWS\SYSTEM32\profapi.dll
0x00007ffb941b0000 - 0x00007ffb941ca000 	D:\Android Studio\jre\bin\net.dll
0x00007ffba8390000 - 0x00007ffba849c000 	C:\WINDOWS\SYSTEM32\WINHTTP.dll
0x00007ffbaf250000 - 0x00007ffbaf2ba000 	C:\WINDOWS\system32\mswsock.dll
0x00007ffb936f0000 - 0x00007ffb93704000 	D:\Android Studio\jre\bin\nio.dll
0x00007ffb771e0000 - 0x00007ffb77207000 	C:\Users\Edward\.gradle\native\8bec1ad78214c89d9ad589b4d07fe93259594b29d510b10fafb7a158f7737e5d\windows-amd64\native-platform.dll
0x00007ffb6f440000 - 0x00007ffb6f57d000 	C:\Users\Edward\.gradle\native\53dbd7edfb1c66fb8903c78663c9afc45aea4f116125fa6feffd364cf09443e8\windows-amd64\native-platform-file-events.dll
0x00007ffb9ed00000 - 0x00007ffb9ed0a000 	D:\Android Studio\jre\bin\management.dll
0x00007ffb947a0000 - 0x00007ffb947ac000 	D:\Android Studio\jre\bin\management_ext.dll
0x00007ffbaf440000 - 0x00007ffbaf458000 	C:\WINDOWS\SYSTEM32\CRYPTSP.dll
0x00007ffbaeb60000 - 0x00007ffbaeb94000 	C:\WINDOWS\system32\rsaenh.dll
0x00007ffbb0370000 - 0x00007ffbb0397000 	C:\WINDOWS\System32\bcrypt.dll
0x00007ffbaf960000 - 0x00007ffbaf98e000 	C:\WINDOWS\SYSTEM32\USERENV.dll
0x00007ffbaf460000 - 0x00007ffbaf46c000 	C:\WINDOWS\SYSTEM32\CRYPTBASE.dll
0x00007ffbaeef0000 - 0x00007ffbaef2b000 	C:\WINDOWS\SYSTEM32\IPHLPAPI.DLL
0x00007ffbb18d0000 - 0x00007ffbb18d8000 	C:\WINDOWS\System32\NSI.dll
0x00007ffba9ee0000 - 0x00007ffba9ef7000 	C:\WINDOWS\SYSTEM32\dhcpcsvc6.DLL
0x00007ffba9d10000 - 0x00007ffba9d2d000 	C:\WINDOWS\SYSTEM32\dhcpcsvc.DLL
0x00007ffbaef40000 - 0x00007ffbaf00b000 	C:\WINDOWS\SYSTEM32\DNSAPI.dll

dbghelp: loaded successfully - version: 4.0.5 - missing functions: none
symbol engine: initialized successfully - sym options: 0x614 - pdb path: .;D:\Android Studio\jre\bin;C:\WINDOWS\SYSTEM32;C:\WINDOWS\WinSxS\amd64_microsoft.windows.common-controls_6595b64144ccf1df_6.0.19041.1110_none_60b5254171f9507e;D:\Android Studio\jre\bin\server;C:\Users\Edward\.gradle\native\8bec1ad78214c89d9ad589b4d07fe93259594b29d510b10fafb7a158f7737e5d\windows-amd64;C:\Users\Edward\.gradle\native\53dbd7edfb1c66fb8903c78663c9afc45aea4f116125fa6feffd364cf09443e8\windows-amd64

VM Arguments:
jvm_args: --add-opens=java.base/java.util=ALL-UNNAMED --add-opens=java.base/java.lang=ALL-UNNAMED --add-opens=java.base/java.lang.invoke=ALL-UNNAMED --add-opens=java.base/java.util=ALL-UNNAMED --add-opens=java.prefs/java.util.prefs=ALL-UNNAMED --add-opens=java.prefs/java.util.prefs=ALL-UNNAMED --add-opens=java.base/java.nio.charset=ALL-UNNAMED --add-opens=java.base/java.net=ALL-UNNAMED --add-opens=java.base/java.util.concurrent.atomic=ALL-UNNAMED -Xmx2048m -Dfile.encoding=UTF-8 -Duser.country=US -Duser.language=en -Duser.variant 
java_command: org.gradle.launcher.daemon.bootstrap.GradleDaemon 7.0.2
java_class_path (initial): C:\Users\Edward\.gradle\wrapper\dists\gradle-7.0.2-bin\857tjihv64xamwrf0h14cai3r\gradle-7.0.2\lib\gradle-launcher-7.0.2.jar
Launcher Type: SUN_STANDARD

[Global flags]
     intx CICompilerCount                          = 4                                         {product} {ergonomic}
     uint ConcGCThreads                            = 2                                         {product} {ergonomic}
     uint G1ConcRefinementThreads                  = 8                                         {product} {ergonomic}
   size_t G1HeapRegionSize                         = 1048576                                   {product} {ergonomic}
    uintx GCDrainStackTargetSize                   = 64                                        {product} {ergonomic}
   size_t InitialHeapSize                          = 268435456                                 {product} {ergonomic}
   size_t MarkStackSize                            = 4194304                                   {product} {ergonomic}
   size_t MaxHeapSize                              = 2147483648                                {product} {command line}
   size_t MaxNewSize                               = 1287651328                                {product} {ergonomic}
   size_t MinHeapDeltaBytes                        = 1048576                                   {product} {ergonomic}
    uintx NonNMethodCodeHeapSize                   = 5836300                                {pd product} {ergonomic}
    uintx NonProfiledCodeHeapSize                  = 122910970                              {pd product} {ergonomic}
    uintx ProfiledCodeHeapSize                     = 122910970                              {pd product} {ergonomic}
    uintx ReservedCodeCacheSize                    = 251658240                              {pd product} {ergonomic}
     bool SegmentedCodeCache                       = true                                      {product} {ergonomic}
     bool UseCompressedClassPointers               = true                                 {lp64_product} {ergonomic}
     bool UseCompressedOops                        = true                                 {lp64_product} {ergonomic}
     bool UseG1GC                                  = true                                      {product} {ergonomic}
     bool UseLargePagesIndividualAllocation        = false                                  {pd product} {ergonomic}

Logging:
Log output configuration:
 #0: stdout all=warning uptime,level,tags
 #1: stderr all=off uptime,level,tags

Environment Variables:
PATH=C:\WINDOWS\system32;C:\WINDOWS;C:\WINDOWS\System32\Wbem;C:\WINDOWS\System32\WindowsPowerShell\v1.0\;C:\WINDOWS\System32\OpenSSH\;C:\Program Files\NVIDIA Corporation\NVIDIA NvDLISR;C:\Program Files (x86)\NVIDIA Corporation\PhysX\Common;C:\Users\Edward\AppData\Local\Microsoft\WindowsApps
USERNAME=Edward
OS=Windows_NT
PROCESSOR_IDENTIFIER=Intel64 Family 6 Model 158 Stepping 9, GenuineIntel



---------------  S Y S T E M  ---------------

OS: Windows 10 , 64 bit Build 19041 (10.0.19041.1348)
OS uptime: 2 days 22:09 hours

CPU:total 8 (initial active 8) (4 cores per cpu, 2 threads per core) family 6 model 158 stepping 9 microcode 0xb4, cmov, cx8, fxsr, mmx, sse, sse2, sse3, ssse3, sse4.1, sse4.2, popcnt, avx, avx2, aes, clmul, erms, 3dnowpref, lzcnt, ht, tsc, tscinvbit, bmi1, bmi2, adx, fma

Memory: 4k page, system-wide physical 16268M (965M free)
TotalPageFile size 20364M (AvailPageFile size 5M)
current process WorkingSet (physical memory assigned to process): 443M, peak: 460M
current process commit charge ("private bytes"): 531M, peak: 547M

vm_info: OpenJDK 64-Bit Server VM (11.0.10+0-b96-7249189) for windows-amd64 JRE (11.0.10+0-b96-7249189), built on Mar 31 2021 21:44:00 by "builder" with MS VC++ 14.0 (VS2015)

END.
