#
# There is insufficient memory for the Java Runtime Environment to continue.
# Native memory allocation (malloc) failed to allocate 346576 bytes for Chunk::new
# Possible reasons:
#   The system is out of physical RAM or swap space
#   The process is running with CompressedOops enabled, and the Java Heap may be blocking the growth of the native heap
# Possible solutions:
#   Reduce memory load on the system
#   Increase physical memory or swap space
#   Check if swap backing store is full
#   Decrease Java heap size (-Xmx/-Xms)
#   Decrease number of Java threads
#   Decrease Java thread stack sizes (-Xss)
#   Set larger code cache with -XX:ReservedCodeCacheSize=
#   JVM is running with Unscaled Compressed Oops mode in which the Java heap is
#     placed in the first 4GB address space. The Java Heap base address is the
#     maximum limit for the native heap growth. Please use -XX:HeapBaseMinAddress
#     to set the Java Heap base and to place the Java Heap above 4GB virtual address.
# This output file may be truncated or incomplete.
#
#  Out of Memory Error (./src/hotspot/share/memory/arena.cpp:197), pid=14232, tid=13236
#
# JRE version: OpenJDK Runtime Environment (11.0.10) (build 11.0.10+0-b96-7249189)
# Java VM: OpenJDK 64-Bit Server VM (11.0.10+0-b96-7249189, mixed mode, tiered, compressed oops, g1 gc, windows-amd64)
# No core dump will be written. Minidumps are not enabled by default on client versions of Windows
#

---------------  S U M M A R Y ------------

Command Line: --add-opens=java.base/java.util=ALL-UNNAMED --add-opens=java.base/java.lang=ALL-UNNAMED --add-opens=java.base/java.lang.invoke=ALL-UNNAMED --add-opens=java.base/java.util=ALL-UNNAMED --add-opens=java.prefs/java.util.prefs=ALL-UNNAMED --add-opens=java.prefs/java.util.prefs=ALL-UNNAMED --add-opens=java.base/java.nio.charset=ALL-UNNAMED --add-opens=java.base/java.net=ALL-UNNAMED --add-opens=java.base/java.util.concurrent.atomic=ALL-UNNAMED -Xmx2048m -Dfile.encoding=UTF-8 -Duser.country=US -Duser.language=en -Duser.variant org.gradle.launcher.daemon.bootstrap.GradleDaemon 7.0.2

Host: Intel(R) Core(TM) i7-7700HQ CPU @ 2.80GHz, 8 cores, 15G,  Windows 10 , 64 bit Build 19041 (10.0.19041.1348)
Time: Fri Dec 17 20:27:26 2021 SE Asia Standard Time elapsed time: 10.010488 seconds (0d 0h 0m 10s)

---------------  T H R E A D  ---------------

Current thread (0x00000207b0ff6000):  JavaThread "C2 CompilerThread0" daemon [_thread_in_native, id=13236, stack(0x0000002b71300000,0x0000002b71400000)]


Current CompileTask:
C2:  10010 3928       4       java.io.WinNTFileSystem::normalize (143 bytes)

Stack: [0x0000002b71300000,0x0000002b71400000]
Native frames: (J=compiled Java code, j=interpreted, Vv=VM code, C=native code)
V  [jvm.dll+0x5ecfaa]
V  [jvm.dll+0x722bd5]
V  [jvm.dll+0x72412d]
V  [jvm.dll+0x7247e3]
V  [jvm.dll+0x242928]
V  [jvm.dll+0xbc4fc]
V  [jvm.dll+0xbca0c]
V  [jvm.dll+0x352d7d]
V  [jvm.dll+0x19800c]
V  [jvm.dll+0x1fb70e]
V  [jvm.dll+0x1fa7f4]
V  [jvm.dll+0x18354c]
V  [jvm.dll+0x208ee7]
V  [jvm.dll+0x207731]
V  [jvm.dll+0x6eb1cf]
V  [jvm.dll+0x6e3d45]
V  [jvm.dll+0x5ebe96]
C  [ucrtbase.dll+0x21bb2]
C  [KERNEL32.DLL+0x17034]
C  [ntdll.dll+0x52651]


---------------  P R O C E S S  ---------------

Threads class SMR info:
_java_thread_list=0x00000207b7662760, length=36, elements={
0x0000020795b79800, 0x00000207b0f8b000, 0x00000207b0f96000, 0x00000207b0ff0800,
0x00000207b0ff1800, 0x00000207b0ff5000, 0x00000207b0ff6000, 0x00000207b0ff9000,
0x00000207b1014000, 0x00000207b1167000, 0x00000207b1204000, 0x00000207b28ec800,
0x00000207b3958000, 0x00000207b43c5800, 0x00000207b3b3e800, 0x00000207b2f79800,
0x00000207b2621000, 0x00000207b3197800, 0x00000207b28a4800, 0x00000207b3b80000,
0x00000207b3b7f800, 0x00000207b3b82000, 0x00000207b3b86000, 0x00000207b3b81000,
0x00000207b3b82800, 0x00000207b3b85000, 0x00000207b3b83800, 0x00000207b3b84000,
0x00000207b6159000, 0x00000207b615a000, 0x00000207b615c800, 0x00000207b615a800,
0x00000207b6158800, 0x00000207b615e000, 0x00000207b615d000, 0x00000207b615f000
}

Java Threads: ( => current thread )
  0x0000020795b79800 JavaThread "main" [_thread_blocked, id=11696, stack(0x0000002b70700000,0x0000002b70800000)]
  0x00000207b0f8b000 JavaThread "Reference Handler" daemon [_thread_blocked, id=18516, stack(0x0000002b70e00000,0x0000002b70f00000)]
  0x00000207b0f96000 JavaThread "Finalizer" daemon [_thread_blocked, id=17404, stack(0x0000002b70f00000,0x0000002b71000000)]
  0x00000207b0ff0800 JavaThread "Signal Dispatcher" daemon [_thread_blocked, id=16912, stack(0x0000002b71000000,0x0000002b71100000)]
  0x00000207b0ff1800 JavaThread "Attach Listener" daemon [_thread_blocked, id=10528, stack(0x0000002b71100000,0x0000002b71200000)]
  0x00000207b0ff5000 JavaThread "Service Thread" daemon [_thread_blocked, id=6396, stack(0x0000002b71200000,0x0000002b71300000)]
=>0x00000207b0ff6000 JavaThread "C2 CompilerThread0" daemon [_thread_in_native, id=13236, stack(0x0000002b71300000,0x0000002b71400000)]
  0x00000207b0ff9000 JavaThread "C1 CompilerThread0" daemon [_thread_blocked, id=15048, stack(0x0000002b71400000,0x0000002b71500000)]
  0x00000207b1014000 JavaThread "Sweeper thread" daemon [_thread_blocked, id=19032, stack(0x0000002b71500000,0x0000002b71600000)]
  0x00000207b1167000 JavaThread "Common-Cleaner" daemon [_thread_blocked, id=5776, stack(0x0000002b71600000,0x0000002b71700000)]
  0x00000207b1204000 JavaThread "Daemon health stats" [_thread_blocked, id=14616, stack(0x0000002b71800000,0x0000002b71900000)]
  0x00000207b28ec800 JavaThread "Incoming local TCP Connector on port 56283" [_thread_in_native, id=7444, stack(0x0000002b71e00000,0x0000002b71f00000)]
  0x00000207b3958000 JavaThread "Daemon periodic checks" [_thread_blocked, id=20300, stack(0x0000002b71f00000,0x0000002b72000000)]
  0x00000207b43c5800 JavaThread "Daemon" [_thread_blocked, id=17068, stack(0x0000002b72000000,0x0000002b72100000)]
  0x00000207b3b3e800 JavaThread "Handler for socket connection from /127.0.0.1:56283 to /127.0.0.1:56284" [_thread_in_native, id=19252, stack(0x0000002b72100000,0x0000002b72200000)]
  0x00000207b2f79800 JavaThread "Cancel handler" [_thread_blocked, id=22048, stack(0x0000002b72200000,0x0000002b72300000)]
  0x00000207b2621000 JavaThread "Daemon worker" [_thread_in_native, id=20064, stack(0x0000002b72300000,0x0000002b72400000)]
  0x00000207b3197800 JavaThread "Asynchronous log dispatcher for DefaultDaemonConnection: socket connection from /127.0.0.1:56283 to /127.0.0.1:56284" [_thread_blocked, id=16472, stack(0x0000002b72400000,0x0000002b72500000)]
  0x00000207b28a4800 JavaThread "Stdin handler" [_thread_blocked, id=11692, stack(0x0000002b72500000,0x0000002b72600000)]
  0x00000207b3b80000 JavaThread "Daemon client event forwarder" [_thread_blocked, id=18468, stack(0x0000002b72600000,0x0000002b72700000)]
  0x00000207b3b7f800 JavaThread "Cache worker for file hash cache (C:\Users\Edward\.gradle\caches\7.0.2\fileHashes)" [_thread_blocked, id=19580, stack(0x0000002b72700000,0x0000002b72800000)]
  0x00000207b3b82000 JavaThread "File lock request listener" [_thread_in_native, id=22212, stack(0x0000002b72800000,0x0000002b72900000)]
  0x00000207b3b86000 JavaThread "Cache worker for journal cache (C:\Users\Edward\.gradle\caches\journal-1)" [_thread_blocked, id=3892, stack(0x0000002b72c00000,0x0000002b72d00000)]
  0x00000207b3b81000 JavaThread "Cache worker for file hash cache (D:\Download\GameIndonesiaStore\.gradle\7.0.2\fileHashes)" [_thread_blocked, id=4524, stack(0x0000002b72e00000,0x0000002b72f00000)]
  0x00000207b3b82800 JavaThread "File watcher server" daemon [_thread_in_native, id=1860, stack(0x0000002b72f00000,0x0000002b73000000)]
  0x00000207b3b85000 JavaThread "File watcher consumer" daemon [_thread_blocked, id=20416, stack(0x0000002b73000000,0x0000002b73100000)]
  0x00000207b3b83800 JavaThread "Cache worker for checksums cache (D:\Download\GameIndonesiaStore\.gradle\checksums)" [_thread_blocked, id=12432, stack(0x0000002b73100000,0x0000002b73200000)]
  0x00000207b3b84000 JavaThread "Cache worker for cache directory md-supplier (C:\Users\Edward\.gradle\caches\7.0.2\md-supplier)" [_thread_blocked, id=15736, stack(0x0000002b73200000,0x0000002b73300000)]
  0x00000207b6159000 JavaThread "Cache worker for cache directory md-rule (C:\Users\Edward\.gradle\caches\7.0.2\md-rule)" [_thread_blocked, id=22364, stack(0x0000002b73300000,0x0000002b73400000)]
  0x00000207b615a000 JavaThread "Cache worker for execution history cache (C:\Users\Edward\.gradle\caches\7.0.2\executionHistory)" [_thread_blocked, id=1516, stack(0x0000002b73400000,0x0000002b73500000)]
  0x00000207b615c800 JavaThread "jar transforms" [_thread_blocked, id=15452, stack(0x0000002b73500000,0x0000002b73600000)]
  0x00000207b615a800 JavaThread "jar transforms Thread 2" [_thread_blocked, id=32, stack(0x0000002b73600000,0x0000002b73700000)]
  0x00000207b6158800 JavaThread "Cache worker for file content cache (C:\Users\Edward\.gradle\caches\7.0.2\fileContent)" [_thread_blocked, id=20636, stack(0x0000002b73700000,0x0000002b73800000)]
  0x00000207b615e000 JavaThread "Cache worker for dependencies-accessors (D:\Download\GameIndonesiaStore\.gradle\7.0.2\dependencies-accessors)" [_thread_blocked, id=23156, stack(0x0000002b73800000,0x0000002b73900000)]
  0x00000207b615d000 JavaThread "jar transforms Thread 3" [_thread_blocked, id=16056, stack(0x0000002b73900000,0x0000002b73a00000)]
  0x00000207b615f000 JavaThread "Cache worker for Build Output Cleanup Cache (D:\Download\GameIndonesiaStore\.gradle\buildOutputCleanup)" [_thread_blocked, id=21044, stack(0x0000002b73a00000,0x0000002b73b00000)]

Other Threads:
  0x00000207b0f89800 VMThread "VM Thread" [stack: 0x0000002b70d00000,0x0000002b70e00000] [id=21080]
  0x00000207b1196800 WatcherThread [stack: 0x0000002b71700000,0x0000002b71800000] [id=7452]
  0x0000020795b91800 GCTaskThread "GC Thread#0" [stack: 0x0000002b70800000,0x0000002b70900000] [id=15188]
  0x00000207b1e58800 GCTaskThread "GC Thread#1" [stack: 0x0000002b71900000,0x0000002b71a00000] [id=16860]
  0x00000207b2177800 GCTaskThread "GC Thread#2" [stack: 0x0000002b71a00000,0x0000002b71b00000] [id=19120]
  0x00000207b1d02800 GCTaskThread "GC Thread#3" [stack: 0x0000002b71b00000,0x0000002b71c00000] [id=20716]
  0x00000207b1f1a800 GCTaskThread "GC Thread#4" [stack: 0x0000002b71c00000,0x0000002b71d00000] [id=20024]
  0x00000207b180f000 GCTaskThread "GC Thread#5" [stack: 0x0000002b71d00000,0x0000002b71e00000] [id=22712]
  0x00000207b2fa6000 GCTaskThread "GC Thread#6" [stack: 0x0000002b72900000,0x0000002b72a00000] [id=6316]
  0x00000207b35ff800 GCTaskThread "GC Thread#7" [stack: 0x0000002b72a00000,0x0000002b72b00000] [id=20596]
  0x0000020795bc8000 ConcurrentGCThread "G1 Main Marker" [stack: 0x0000002b70900000,0x0000002b70a00000] [id=14688]
  0x0000020795bc9000 ConcurrentGCThread "G1 Conc#0" [stack: 0x0000002b70a00000,0x0000002b70b00000] [id=22388]
  0x00000207b4372800 ConcurrentGCThread "G1 Conc#1" [stack: 0x0000002b72b00000,0x0000002b72c00000] [id=12404]
  0x0000020795c5d800 ConcurrentGCThread "G1 Refine#0" [stack: 0x0000002b70b00000,0x0000002b70c00000] [id=16788]
  0x00000207b05d8800 ConcurrentGCThread "G1 Young RemSet Sampling" [stack: 0x0000002b70c00000,0x0000002b70d00000] [id=6732]

Threads with active compile tasks:
C2 CompilerThread0  10415 3928       4       java.io.WinNTFileSystem::normalize (143 bytes)

VM state:not at safepoint (normal execution)

VM Mutex/Monitor currently owned by a thread: None

Heap address: 0x0000000080000000, size: 2048 MB, Compressed Oops mode: 32-bit
Narrow klass base: 0x0000000000000000, Narrow klass shift: 3
Compressed class space size: 1073741824 Address: 0x0000000100000000

Heap:
 garbage-first heap   total 262144K, used 50423K [0x0000000080000000, 0x0000000100000000)
  region size 1024K, 35 young (35840K), 12 survivors (12288K)
 Metaspace       used 45839K, capacity 46954K, committed 47052K, reserved 1089536K
  class space    used 5880K, capacity 6300K, committed 6348K, reserved 1048576K
Heap Regions: E=young(eden), S=young(survivor), O=old, HS=humongous(starts), HC=humongous(continues), CS=collection set, F=free, A=archive, TAMS=top-at-mark-start (previous, next)
|   0|0x0000000080000000, 0x0000000080100000, 0x0000000080100000|100%| O|  |TAMS 0x0000000080100000, 0x0000000080000000| Untracked 
|   1|0x0000000080100000, 0x0000000080200000, 0x0000000080200000|100%| O|  |TAMS 0x0000000080200000, 0x0000000080100000| Untracked 
|   2|0x0000000080200000, 0x0000000080300000, 0x0000000080300000|100%| O|  |TAMS 0x0000000080300000, 0x0000000080200000| Untracked 
|   3|0x0000000080300000, 0x0000000080400000, 0x0000000080400000|100%|HS|  |TAMS 0x0000000080400000, 0x0000000080300000| Complete 
|   4|0x0000000080400000, 0x0000000080500000, 0x0000000080500000|100%|HC|  |TAMS 0x0000000080500000, 0x0000000080400000| Complete 
|   5|0x0000000080500000, 0x0000000080600000, 0x0000000080600000|100%|HC|  |TAMS 0x0000000080600000, 0x0000000080500000| Complete 
|   6|0x0000000080600000, 0x0000000080700000, 0x0000000080700000|100%| O|  |TAMS 0x0000000080700000, 0x0000000080600000| Untracked 
|   7|0x0000000080700000, 0x0000000080800000, 0x0000000080800000|100%| O|  |TAMS 0x0000000080800000, 0x0000000080700000| Untracked 
|   8|0x0000000080800000, 0x0000000080900000, 0x0000000080900000|100%| O|  |TAMS 0x0000000080900000, 0x0000000080800000| Untracked 
|   9|0x0000000080900000, 0x0000000080a00000, 0x0000000080a00000|100%| O|  |TAMS 0x0000000080a00000, 0x0000000080900000| Untracked 
|  10|0x0000000080a00000, 0x0000000080b00000, 0x0000000080b00000|100%| O|  |TAMS 0x0000000080b00000, 0x0000000080a00000| Untracked 
|  11|0x0000000080b00000, 0x0000000080c00000, 0x0000000080c00000|100%| O|  |TAMS 0x0000000080c00000, 0x0000000080b00000| Untracked 
|  12|0x0000000080c00000, 0x0000000080d00000, 0x0000000080d00000|100%| O|  |TAMS 0x0000000080d00000, 0x0000000080c00000| Untracked 
|  13|0x0000000080d00000, 0x0000000080e00000, 0x0000000080e00000|100%| O|  |TAMS 0x0000000080e00000, 0x0000000080d00000| Untracked 
|  14|0x0000000080e00000, 0x0000000080f00000, 0x0000000080f00000|100%| O|  |TAMS 0x0000000080f00000, 0x0000000080e00000| Untracked 
|  15|0x0000000080f00000, 0x0000000080fc9200, 0x0000000081000000| 78%| O|  |TAMS 0x0000000080fc9200, 0x0000000080f00000| Untracked 
|  16|0x0000000081000000, 0x0000000081000000, 0x0000000081100000|  0%| F|  |TAMS 0x0000000081000000, 0x0000000081000000| Untracked 
|  17|0x0000000081100000, 0x0000000081100000, 0x0000000081200000|  0%| F|  |TAMS 0x0000000081100000, 0x0000000081100000| Untracked 
|  18|0x0000000081200000, 0x0000000081200000, 0x0000000081300000|  0%| F|  |TAMS 0x0000000081200000, 0x0000000081200000| Untracked 
|  19|0x0000000081300000, 0x0000000081300000, 0x0000000081400000|  0%| F|  |TAMS 0x0000000081300000, 0x0000000081300000| Untracked 
|  20|0x0000000081400000, 0x0000000081400000, 0x0000000081500000|  0%| F|  |TAMS 0x0000000081400000, 0x0000000081400000| Untracked 
|  21|0x0000000081500000, 0x0000000081500000, 0x0000000081600000|  0%| F|  |TAMS 0x0000000081500000, 0x0000000081500000| Untracked 
|  22|0x0000000081600000, 0x0000000081600000, 0x0000000081700000|  0%| F|  |TAMS 0x0000000081600000, 0x0000000081600000| Untracked 
|  23|0x0000000081700000, 0x0000000081700000, 0x0000000081800000|  0%| F|  |TAMS 0x0000000081700000, 0x0000000081700000| Untracked 
|  24|0x0000000081800000, 0x0000000081800000, 0x0000000081900000|  0%| F|  |TAMS 0x0000000081800000, 0x0000000081800000| Untracked 
|  25|0x0000000081900000, 0x0000000081900000, 0x0000000081a00000|  0%| F|  |TAMS 0x0000000081900000, 0x0000000081900000| Untracked 
|  26|0x0000000081a00000, 0x0000000081a00000, 0x0000000081b00000|  0%| F|  |TAMS 0x0000000081a00000, 0x0000000081a00000| Untracked 
|  27|0x0000000081b00000, 0x0000000081b00000, 0x0000000081c00000|  0%| F|  |TAMS 0x0000000081b00000, 0x0000000081b00000| Untracked 
|  28|0x0000000081c00000, 0x0000000081c00000, 0x0000000081d00000|  0%| F|  |TAMS 0x0000000081c00000, 0x0000000081c00000| Untracked 
|  29|0x0000000081d00000, 0x0000000081d00000, 0x0000000081e00000|  0%| F|  |TAMS 0x0000000081d00000, 0x0000000081d00000| Untracked 
|  30|0x0000000081e00000, 0x0000000081e00000, 0x0000000081f00000|  0%| F|  |TAMS 0x0000000081e00000, 0x0000000081e00000| Untracked 
|  31|0x0000000081f00000, 0x0000000081f00000, 0x0000000082000000|  0%| F|  |TAMS 0x0000000081f00000, 0x0000000081f00000| Untracked 
|  32|0x0000000082000000, 0x0000000082000000, 0x0000000082100000|  0%| F|  |TAMS 0x0000000082000000, 0x0000000082000000| Untracked 
|  33|0x0000000082100000, 0x0000000082100000, 0x0000000082200000|  0%| F|  |TAMS 0x0000000082100000, 0x0000000082100000| Untracked 
|  34|0x0000000082200000, 0x0000000082200000, 0x0000000082300000|  0%| F|  |TAMS 0x0000000082200000, 0x0000000082200000| Untracked 
|  35|0x0000000082300000, 0x0000000082300000, 0x0000000082400000|  0%| F|  |TAMS 0x0000000082300000, 0x0000000082300000| Untracked 
|  36|0x0000000082400000, 0x0000000082400000, 0x0000000082500000|  0%| F|  |TAMS 0x0000000082400000, 0x0000000082400000| Untracked 
|  37|0x0000000082500000, 0x0000000082500000, 0x0000000082600000|  0%| F|  |TAMS 0x0000000082500000, 0x0000000082500000| Untracked 
|  38|0x0000000082600000, 0x0000000082600000, 0x0000000082700000|  0%| F|  |TAMS 0x0000000082600000, 0x0000000082600000| Untracked 
|  39|0x0000000082700000, 0x0000000082700000, 0x0000000082800000|  0%| F|  |TAMS 0x0000000082700000, 0x0000000082700000| Untracked 
|  40|0x0000000082800000, 0x0000000082800000, 0x0000000082900000|  0%| F|  |TAMS 0x0000000082800000, 0x0000000082800000| Untracked 
|  41|0x0000000082900000, 0x0000000082900000, 0x0000000082a00000|  0%| F|  |TAMS 0x0000000082900000, 0x0000000082900000| Untracked 
|  42|0x0000000082a00000, 0x0000000082a00000, 0x0000000082b00000|  0%| F|  |TAMS 0x0000000082a00000, 0x0000000082a00000| Untracked 
|  43|0x0000000082b00000, 0x0000000082b00000, 0x0000000082c00000|  0%| F|  |TAMS 0x0000000082b00000, 0x0000000082b00000| Untracked 
|  44|0x0000000082c00000, 0x0000000082c00000, 0x0000000082d00000|  0%| F|  |TAMS 0x0000000082c00000, 0x0000000082c00000| Untracked 
|  45|0x0000000082d00000, 0x0000000082d00000, 0x0000000082e00000|  0%| F|  |TAMS 0x0000000082d00000, 0x0000000082d00000| Untracked 
|  46|0x0000000082e00000, 0x0000000082e00000, 0x0000000082f00000|  0%| F|  |TAMS 0x0000000082e00000, 0x0000000082e00000| Untracked 
|  47|0x0000000082f00000, 0x0000000082f00000, 0x0000000083000000|  0%| F|  |TAMS 0x0000000082f00000, 0x0000000082f00000| Untracked 
|  48|0x0000000083000000, 0x0000000083000000, 0x0000000083100000|  0%| F|  |TAMS 0x0000000083000000, 0x0000000083000000| Untracked 
|  49|0x0000000083100000, 0x0000000083100000, 0x0000000083200000|  0%| F|  |TAMS 0x0000000083100000, 0x0000000083100000| Untracked 
|  50|0x0000000083200000, 0x0000000083200000, 0x0000000083300000|  0%| F|  |TAMS 0x0000000083200000, 0x0000000083200000| Untracked 
|  51|0x0000000083300000, 0x0000000083300000, 0x0000000083400000|  0%| F|  |TAMS 0x0000000083300000, 0x0000000083300000| Untracked 
|  52|0x0000000083400000, 0x0000000083400000, 0x0000000083500000|  0%| F|  |TAMS 0x0000000083400000, 0x0000000083400000| Untracked 
|  53|0x0000000083500000, 0x0000000083500000, 0x0000000083600000|  0%| F|  |TAMS 0x0000000083500000, 0x0000000083500000| Untracked 
|  54|0x0000000083600000, 0x0000000083600000, 0x0000000083700000|  0%| F|  |TAMS 0x0000000083600000, 0x0000000083600000| Untracked 
|  55|0x0000000083700000, 0x0000000083700000, 0x0000000083800000|  0%| F|  |TAMS 0x0000000083700000, 0x0000000083700000| Untracked 
|  56|0x0000000083800000, 0x0000000083800000, 0x0000000083900000|  0%| F|  |TAMS 0x0000000083800000, 0x0000000083800000| Untracked 
|  57|0x0000000083900000, 0x0000000083900000, 0x0000000083a00000|  0%| F|  |TAMS 0x0000000083900000, 0x0000000083900000| Untracked 
|  58|0x0000000083a00000, 0x0000000083a00000, 0x0000000083b00000|  0%| F|  |TAMS 0x0000000083a00000, 0x0000000083a00000| Untracked 
|  59|0x0000000083b00000, 0x0000000083b00000, 0x0000000083c00000|  0%| F|  |TAMS 0x0000000083b00000, 0x0000000083b00000| Untracked 
|  60|0x0000000083c00000, 0x0000000083c00000, 0x0000000083d00000|  0%| F|  |TAMS 0x0000000083c00000, 0x0000000083c00000| Untracked 
|  61|0x0000000083d00000, 0x0000000083d00000, 0x0000000083e00000|  0%| F|  |TAMS 0x0000000083d00000, 0x0000000083d00000| Untracked 
|  62|0x0000000083e00000, 0x0000000083e00000, 0x0000000083f00000|  0%| F|  |TAMS 0x0000000083e00000, 0x0000000083e00000| Untracked 
|  63|0x0000000083f00000, 0x0000000083f00000, 0x0000000084000000|  0%| F|  |TAMS 0x0000000083f00000, 0x0000000083f00000| Untracked 
|  64|0x0000000084000000, 0x0000000084000000, 0x0000000084100000|  0%| F|  |TAMS 0x0000000084000000, 0x0000000084000000| Untracked 
|  65|0x0000000084100000, 0x0000000084100000, 0x0000000084200000|  0%| F|  |TAMS 0x0000000084100000, 0x0000000084100000| Untracked 
|  66|0x0000000084200000, 0x0000000084200000, 0x0000000084300000|  0%| F|  |TAMS 0x0000000084200000, 0x0000000084200000| Untracked 
|  67|0x0000000084300000, 0x0000000084300000, 0x0000000084400000|  0%| F|  |TAMS 0x0000000084300000, 0x0000000084300000| Untracked 
|  68|0x0000000084400000, 0x0000000084400000, 0x0000000084500000|  0%| F|  |TAMS 0x0000000084400000, 0x0000000084400000| Untracked 
|  69|0x0000000084500000, 0x0000000084500000, 0x0000000084600000|  0%| F|  |TAMS 0x0000000084500000, 0x0000000084500000| Untracked 
|  70|0x0000000084600000, 0x0000000084600000, 0x0000000084700000|  0%| F|  |TAMS 0x0000000084600000, 0x0000000084600000| Untracked 
|  71|0x0000000084700000, 0x0000000084700000, 0x0000000084800000|  0%| F|  |TAMS 0x0000000084700000, 0x0000000084700000| Untracked 
|  72|0x0000000084800000, 0x0000000084800000, 0x0000000084900000|  0%| F|  |TAMS 0x0000000084800000, 0x0000000084800000| Untracked 
|  73|0x0000000084900000, 0x0000000084900000, 0x0000000084a00000|  0%| F|  |TAMS 0x0000000084900000, 0x0000000084900000| Untracked 
|  74|0x0000000084a00000, 0x0000000084a00000, 0x0000000084b00000|  0%| F|  |TAMS 0x0000000084a00000, 0x0000000084a00000| Untracked 
|  75|0x0000000084b00000, 0x0000000084b00000, 0x0000000084c00000|  0%| F|  |TAMS 0x0000000084b00000, 0x0000000084b00000| Untracked 
|  76|0x0000000084c00000, 0x0000000084c00000, 0x0000000084d00000|  0%| F|  |TAMS 0x0000000084c00000, 0x0000000084c00000| Untracked 
|  77|0x0000000084d00000, 0x0000000084d00000, 0x0000000084e00000|  0%| F|  |TAMS 0x0000000084d00000, 0x0000000084d00000| Untracked 
|  78|0x0000000084e00000, 0x0000000084e00000, 0x0000000084f00000|  0%| F|  |TAMS 0x0000000084e00000, 0x0000000084e00000| Untracked 
|  79|0x0000000084f00000, 0x0000000084f00000, 0x0000000085000000|  0%| F|  |TAMS 0x0000000084f00000, 0x0000000084f00000| Untracked 
|  80|0x0000000085000000, 0x0000000085000000, 0x0000000085100000|  0%| F|  |TAMS 0x0000000085000000, 0x0000000085000000| Untracked 
|  81|0x0000000085100000, 0x0000000085100000, 0x0000000085200000|  0%| F|  |TAMS 0x0000000085100000, 0x0000000085100000| Untracked 
|  82|0x0000000085200000, 0x0000000085200000, 0x0000000085300000|  0%| F|  |TAMS 0x0000000085200000, 0x0000000085200000| Untracked 
|  83|0x0000000085300000, 0x0000000085300000, 0x0000000085400000|  0%| F|  |TAMS 0x0000000085300000, 0x0000000085300000| Untracked 
|  84|0x0000000085400000, 0x0000000085400000, 0x0000000085500000|  0%| F|  |TAMS 0x0000000085400000, 0x0000000085400000| Untracked 
|  85|0x0000000085500000, 0x0000000085500000, 0x0000000085600000|  0%| F|  |TAMS 0x0000000085500000, 0x0000000085500000| Untracked 
|  86|0x0000000085600000, 0x0000000085600000, 0x0000000085700000|  0%| F|  |TAMS 0x0000000085600000, 0x0000000085600000| Untracked 
|  87|0x0000000085700000, 0x0000000085700000, 0x0000000085800000|  0%| F|  |TAMS 0x0000000085700000, 0x0000000085700000| Untracked 
|  88|0x0000000085800000, 0x0000000085800000, 0x0000000085900000|  0%| F|  |TAMS 0x0000000085800000, 0x0000000085800000| Untracked 
|  89|0x0000000085900000, 0x0000000085900000, 0x0000000085a00000|  0%| F|  |TAMS 0x0000000085900000, 0x0000000085900000| Untracked 
|  90|0x0000000085a00000, 0x0000000085a00000, 0x0000000085b00000|  0%| F|  |TAMS 0x0000000085a00000, 0x0000000085a00000| Untracked 
|  91|0x0000000085b00000, 0x0000000085b00000, 0x0000000085c00000|  0%| F|  |TAMS 0x0000000085b00000, 0x0000000085b00000| Untracked 
|  92|0x0000000085c00000, 0x0000000085c00000, 0x0000000085d00000|  0%| F|  |TAMS 0x0000000085c00000, 0x0000000085c00000| Untracked 
|  93|0x0000000085d00000, 0x0000000085d00000, 0x0000000085e00000|  0%| F|  |TAMS 0x0000000085d00000, 0x0000000085d00000| Untracked 
|  94|0x0000000085e00000, 0x0000000085e00000, 0x0000000085f00000|  0%| F|  |TAMS 0x0000000085e00000, 0x0000000085e00000| Untracked 
|  95|0x0000000085f00000, 0x0000000085f00000, 0x0000000086000000|  0%| F|  |TAMS 0x0000000085f00000, 0x0000000085f00000| Untracked 
|  96|0x0000000086000000, 0x0000000086000000, 0x0000000086100000|  0%| F|  |TAMS 0x0000000086000000, 0x0000000086000000| Untracked 
|  97|0x0000000086100000, 0x0000000086100000, 0x0000000086200000|  0%| F|  |TAMS 0x0000000086100000, 0x0000000086100000| Untracked 
|  98|0x0000000086200000, 0x0000000086200000, 0x0000000086300000|  0%| F|  |TAMS 0x0000000086200000, 0x0000000086200000| Untracked 
|  99|0x0000000086300000, 0x0000000086300000, 0x0000000086400000|  0%| F|  |TAMS 0x0000000086300000, 0x0000000086300000| Untracked 
| 100|0x0000000086400000, 0x0000000086400000, 0x0000000086500000|  0%| F|  |TAMS 0x0000000086400000, 0x0000000086400000| Untracked 
| 101|0x0000000086500000, 0x0000000086500000, 0x0000000086600000|  0%| F|  |TAMS 0x0000000086500000, 0x0000000086500000| Untracked 
| 102|0x0000000086600000, 0x0000000086600000, 0x0000000086700000|  0%| F|  |TAMS 0x0000000086600000, 0x0000000086600000| Untracked 
| 103|0x0000000086700000, 0x0000000086700000, 0x0000000086800000|  0%| F|  |TAMS 0x0000000086700000, 0x0000000086700000| Untracked 
| 104|0x0000000086800000, 0x0000000086800000, 0x0000000086900000|  0%| F|  |TAMS 0x0000000086800000, 0x0000000086800000| Untracked 
| 105|0x0000000086900000, 0x0000000086900000, 0x0000000086a00000|  0%| F|  |TAMS 0x0000000086900000, 0x0000000086900000| Untracked 
| 106|0x0000000086a00000, 0x0000000086a00000, 0x0000000086b00000|  0%| F|  |TAMS 0x0000000086a00000, 0x0000000086a00000| Untracked 
| 107|0x0000000086b00000, 0x0000000086b00000, 0x0000000086c00000|  0%| F|  |TAMS 0x0000000086b00000, 0x0000000086b00000| Untracked 
| 108|0x0000000086c00000, 0x0000000086c00000, 0x0000000086d00000|  0%| F|  |TAMS 0x0000000086c00000, 0x0000000086c00000| Untracked 
| 109|0x0000000086d00000, 0x0000000086d00000, 0x0000000086e00000|  0%| F|  |TAMS 0x0000000086d00000, 0x0000000086d00000| Untracked 
| 110|0x0000000086e00000, 0x0000000086e00000, 0x0000000086f00000|  0%| F|  |TAMS 0x0000000086e00000, 0x0000000086e00000| Untracked 
| 111|0x0000000086f00000, 0x0000000086f00000, 0x0000000087000000|  0%| F|  |TAMS 0x0000000086f00000, 0x0000000086f00000| Untracked 
| 112|0x0000000087000000, 0x0000000087000000, 0x0000000087100000|  0%| F|  |TAMS 0x0000000087000000, 0x0000000087000000| Untracked 
| 113|0x0000000087100000, 0x0000000087100000, 0x0000000087200000|  0%| F|  |TAMS 0x0000000087100000, 0x0000000087100000| Untracked 
| 114|0x0000000087200000, 0x0000000087200000, 0x0000000087300000|  0%| F|  |TAMS 0x0000000087200000, 0x0000000087200000| Untracked 
| 115|0x0000000087300000, 0x0000000087300000, 0x0000000087400000|  0%| F|  |TAMS 0x0000000087300000, 0x0000000087300000| Untracked 
| 116|0x0000000087400000, 0x0000000087400000, 0x0000000087500000|  0%| F|  |TAMS 0x0000000087400000, 0x0000000087400000| Untracked 
| 117|0x0000000087500000, 0x0000000087500000, 0x0000000087600000|  0%| F|  |TAMS 0x0000000087500000, 0x0000000087500000| Untracked 
| 118|0x0000000087600000, 0x0000000087600000, 0x0000000087700000|  0%| F|  |TAMS 0x0000000087600000, 0x0000000087600000| Untracked 
| 119|0x0000000087700000, 0x0000000087700000, 0x0000000087800000|  0%| F|  |TAMS 0x0000000087700000, 0x0000000087700000| Untracked 
| 120|0x0000000087800000, 0x0000000087800000, 0x0000000087900000|  0%| F|  |TAMS 0x0000000087800000, 0x0000000087800000| Untracked 
| 121|0x0000000087900000, 0x0000000087900000, 0x0000000087a00000|  0%| F|  |TAMS 0x0000000087900000, 0x0000000087900000| Untracked 
| 122|0x0000000087a00000, 0x0000000087a00000, 0x0000000087b00000|  0%| F|  |TAMS 0x0000000087a00000, 0x0000000087a00000| Untracked 
| 123|0x0000000087b00000, 0x0000000087b00000, 0x0000000087c00000|  0%| F|  |TAMS 0x0000000087b00000, 0x0000000087b00000| Untracked 
| 124|0x0000000087c00000, 0x0000000087c00000, 0x0000000087d00000|  0%| F|  |TAMS 0x0000000087c00000, 0x0000000087c00000| Untracked 
| 125|0x0000000087d00000, 0x0000000087d00000, 0x0000000087e00000|  0%| F|  |TAMS 0x0000000087d00000, 0x0000000087d00000| Untracked 
| 126|0x0000000087e00000, 0x0000000087e00000, 0x0000000087f00000|  0%| F|  |TAMS 0x0000000087e00000, 0x0000000087e00000| Untracked 
| 127|0x0000000087f00000, 0x0000000087f00000, 0x0000000088000000|  0%| F|  |TAMS 0x0000000087f00000, 0x0000000087f00000| Untracked 
| 128|0x0000000088000000, 0x0000000088074c88, 0x0000000088100000| 45%| S|CS|TAMS 0x0000000088000000, 0x0000000088000000| Complete 
| 129|0x0000000088100000, 0x0000000088200000, 0x0000000088200000|100%| S|CS|TAMS 0x0000000088100000, 0x0000000088100000| Complete 
| 130|0x0000000088200000, 0x0000000088300000, 0x0000000088300000|100%| S|CS|TAMS 0x0000000088200000, 0x0000000088200000| Complete 
| 131|0x0000000088300000, 0x0000000088400000, 0x0000000088400000|100%| S|CS|TAMS 0x0000000088300000, 0x0000000088300000| Complete 
| 132|0x0000000088400000, 0x0000000088500000, 0x0000000088500000|100%| S|CS|TAMS 0x0000000088400000, 0x0000000088400000| Complete 
| 133|0x0000000088500000, 0x0000000088600000, 0x0000000088600000|100%| S|CS|TAMS 0x0000000088500000, 0x0000000088500000| Complete 
| 134|0x0000000088600000, 0x0000000088700000, 0x0000000088700000|100%| S|CS|TAMS 0x0000000088600000, 0x0000000088600000| Complete 
| 135|0x0000000088700000, 0x0000000088800000, 0x0000000088800000|100%| S|CS|TAMS 0x0000000088700000, 0x0000000088700000| Complete 
| 136|0x0000000088800000, 0x0000000088900000, 0x0000000088900000|100%| S|CS|TAMS 0x0000000088800000, 0x0000000088800000| Complete 
| 137|0x0000000088900000, 0x0000000088a00000, 0x0000000088a00000|100%| S|CS|TAMS 0x0000000088900000, 0x0000000088900000| Complete 
| 138|0x0000000088a00000, 0x0000000088b00000, 0x0000000088b00000|100%| S|CS|TAMS 0x0000000088a00000, 0x0000000088a00000| Complete 
| 139|0x0000000088b00000, 0x0000000088c00000, 0x0000000088c00000|100%| S|CS|TAMS 0x0000000088b00000, 0x0000000088b00000| Complete 
| 140|0x0000000088c00000, 0x0000000088c00000, 0x0000000088d00000|  0%| F|  |TAMS 0x0000000088c00000, 0x0000000088c00000| Untracked 
| 141|0x0000000088d00000, 0x0000000088d00000, 0x0000000088e00000|  0%| F|  |TAMS 0x0000000088d00000, 0x0000000088d00000| Untracked 
| 142|0x0000000088e00000, 0x0000000088e00000, 0x0000000088f00000|  0%| F|  |TAMS 0x0000000088e00000, 0x0000000088e00000| Untracked 
| 143|0x0000000088f00000, 0x0000000088f00000, 0x0000000089000000|  0%| F|  |TAMS 0x0000000088f00000, 0x0000000088f00000| Untracked 
| 144|0x0000000089000000, 0x0000000089000000, 0x0000000089100000|  0%| F|  |TAMS 0x0000000089000000, 0x0000000089000000| Untracked 
| 145|0x0000000089100000, 0x0000000089100000, 0x0000000089200000|  0%| F|  |TAMS 0x0000000089100000, 0x0000000089100000| Untracked 
| 146|0x0000000089200000, 0x0000000089200000, 0x0000000089300000|  0%| F|  |TAMS 0x0000000089200000, 0x0000000089200000| Untracked 
| 147|0x0000000089300000, 0x0000000089300000, 0x0000000089400000|  0%| F|  |TAMS 0x0000000089300000, 0x0000000089300000| Untracked 
| 148|0x0000000089400000, 0x0000000089400000, 0x0000000089500000|  0%| F|  |TAMS 0x0000000089400000, 0x0000000089400000| Untracked 
| 149|0x0000000089500000, 0x0000000089500000, 0x0000000089600000|  0%| F|  |TAMS 0x0000000089500000, 0x0000000089500000| Untracked 
| 150|0x0000000089600000, 0x0000000089600000, 0x0000000089700000|  0%| F|  |TAMS 0x0000000089600000, 0x0000000089600000| Untracked 
| 151|0x0000000089700000, 0x0000000089700000, 0x0000000089800000|  0%| F|  |TAMS 0x0000000089700000, 0x0000000089700000| Untracked 
| 152|0x0000000089800000, 0x0000000089800000, 0x0000000089900000|  0%| F|  |TAMS 0x0000000089800000, 0x0000000089800000| Untracked 
| 153|0x0000000089900000, 0x0000000089900000, 0x0000000089a00000|  0%| F|  |TAMS 0x0000000089900000, 0x0000000089900000| Untracked 
| 154|0x0000000089a00000, 0x0000000089a00000, 0x0000000089b00000|  0%| F|  |TAMS 0x0000000089a00000, 0x0000000089a00000| Untracked 
| 155|0x0000000089b00000, 0x0000000089b00000, 0x0000000089c00000|  0%| F|  |TAMS 0x0000000089b00000, 0x0000000089b00000| Untracked 
| 156|0x0000000089c00000, 0x0000000089c00000, 0x0000000089d00000|  0%| F|  |TAMS 0x0000000089c00000, 0x0000000089c00000| Untracked 
| 157|0x0000000089d00000, 0x0000000089d00000, 0x0000000089e00000|  0%| F|  |TAMS 0x0000000089d00000, 0x0000000089d00000| Untracked 
| 158|0x0000000089e00000, 0x0000000089e00000, 0x0000000089f00000|  0%| F|  |TAMS 0x0000000089e00000, 0x0000000089e00000| Untracked 
| 159|0x0000000089f00000, 0x0000000089f00000, 0x000000008a000000|  0%| F|  |TAMS 0x0000000089f00000, 0x0000000089f00000| Untracked 
| 160|0x000000008a000000, 0x000000008a000000, 0x000000008a100000|  0%| F|  |TAMS 0x000000008a000000, 0x000000008a000000| Untracked 
| 161|0x000000008a100000, 0x000000008a100000, 0x000000008a200000|  0%| F|  |TAMS 0x000000008a100000, 0x000000008a100000| Untracked 
| 162|0x000000008a200000, 0x000000008a200000, 0x000000008a300000|  0%| F|  |TAMS 0x000000008a200000, 0x000000008a200000| Untracked 
| 163|0x000000008a300000, 0x000000008a300000, 0x000000008a400000|  0%| F|  |TAMS 0x000000008a300000, 0x000000008a300000| Untracked 
| 164|0x000000008a400000, 0x000000008a400000, 0x000000008a500000|  0%| F|  |TAMS 0x000000008a400000, 0x000000008a400000| Untracked 
| 165|0x000000008a500000, 0x000000008a500000, 0x000000008a600000|  0%| F|  |TAMS 0x000000008a500000, 0x000000008a500000| Untracked 
| 166|0x000000008a600000, 0x000000008a600000, 0x000000008a700000|  0%| F|  |TAMS 0x000000008a600000, 0x000000008a600000| Untracked 
| 167|0x000000008a700000, 0x000000008a700000, 0x000000008a800000|  0%| F|  |TAMS 0x000000008a700000, 0x000000008a700000| Untracked 
| 168|0x000000008a800000, 0x000000008a800000, 0x000000008a900000|  0%| F|  |TAMS 0x000000008a800000, 0x000000008a800000| Untracked 
| 169|0x000000008a900000, 0x000000008a900000, 0x000000008aa00000|  0%| F|  |TAMS 0x000000008a900000, 0x000000008a900000| Untracked 
| 170|0x000000008aa00000, 0x000000008aa00000, 0x000000008ab00000|  0%| F|  |TAMS 0x000000008aa00000, 0x000000008aa00000| Untracked 
| 171|0x000000008ab00000, 0x000000008ab00000, 0x000000008ac00000|  0%| F|  |TAMS 0x000000008ab00000, 0x000000008ab00000| Untracked 
| 172|0x000000008ac00000, 0x000000008ac00000, 0x000000008ad00000|  0%| F|  |TAMS 0x000000008ac00000, 0x000000008ac00000| Untracked 
| 173|0x000000008ad00000, 0x000000008ad00000, 0x000000008ae00000|  0%| F|  |TAMS 0x000000008ad00000, 0x000000008ad00000| Untracked 
| 174|0x000000008ae00000, 0x000000008ae00000, 0x000000008af00000|  0%| F|  |TAMS 0x000000008ae00000, 0x000000008ae00000| Untracked 
| 175|0x000000008af00000, 0x000000008af00000, 0x000000008b000000|  0%| F|  |TAMS 0x000000008af00000, 0x000000008af00000| Untracked 
| 176|0x000000008b000000, 0x000000008b000000, 0x000000008b100000|  0%| F|  |TAMS 0x000000008b000000, 0x000000008b000000| Untracked 
| 177|0x000000008b100000, 0x000000008b100000, 0x000000008b200000|  0%| F|  |TAMS 0x000000008b100000, 0x000000008b100000| Untracked 
| 178|0x000000008b200000, 0x000000008b200000, 0x000000008b300000|  0%| F|  |TAMS 0x000000008b200000, 0x000000008b200000| Untracked 
| 179|0x000000008b300000, 0x000000008b300000, 0x000000008b400000|  0%| F|  |TAMS 0x000000008b300000, 0x000000008b300000| Untracked 
| 180|0x000000008b400000, 0x000000008b400000, 0x000000008b500000|  0%| F|  |TAMS 0x000000008b400000, 0x000000008b400000| Untracked 
| 181|0x000000008b500000, 0x000000008b500000, 0x000000008b600000|  0%| F|  |TAMS 0x000000008b500000, 0x000000008b500000| Untracked 
| 182|0x000000008b600000, 0x000000008b600000, 0x000000008b700000|  0%| F|  |TAMS 0x000000008b600000, 0x000000008b600000| Untracked 
| 183|0x000000008b700000, 0x000000008b700000, 0x000000008b800000|  0%| F|  |TAMS 0x000000008b700000, 0x000000008b700000| Untracked 
| 184|0x000000008b800000, 0x000000008b800000, 0x000000008b900000|  0%| F|  |TAMS 0x000000008b800000, 0x000000008b800000| Untracked 
| 185|0x000000008b900000, 0x000000008b900000, 0x000000008ba00000|  0%| F|  |TAMS 0x000000008b900000, 0x000000008b900000| Untracked 
| 186|0x000000008ba00000, 0x000000008ba00000, 0x000000008bb00000|  0%| F|  |TAMS 0x000000008ba00000, 0x000000008ba00000| Untracked 
| 187|0x000000008bb00000, 0x000000008bb00000, 0x000000008bc00000|  0%| F|  |TAMS 0x000000008bb00000, 0x000000008bb00000| Untracked 
| 188|0x000000008bc00000, 0x000000008bc00000, 0x000000008bd00000|  0%| F|  |TAMS 0x000000008bc00000, 0x000000008bc00000| Untracked 
| 189|0x000000008bd00000, 0x000000008bd00000, 0x000000008be00000|  0%| F|  |TAMS 0x000000008bd00000, 0x000000008bd00000| Untracked 
| 190|0x000000008be00000, 0x000000008be00000, 0x000000008bf00000|  0%| F|  |TAMS 0x000000008be00000, 0x000000008be00000| Untracked 
| 191|0x000000008bf00000, 0x000000008bf00000, 0x000000008c000000|  0%| F|  |TAMS 0x000000008bf00000, 0x000000008bf00000| Untracked 
| 192|0x000000008c000000, 0x000000008c000000, 0x000000008c100000|  0%| F|  |TAMS 0x000000008c000000, 0x000000008c000000| Untracked 
| 193|0x000000008c100000, 0x000000008c100000, 0x000000008c200000|  0%| F|  |TAMS 0x000000008c100000, 0x000000008c100000| Untracked 
| 194|0x000000008c200000, 0x000000008c200000, 0x000000008c300000|  0%| F|  |TAMS 0x000000008c200000, 0x000000008c200000| Untracked 
| 195|0x000000008c300000, 0x000000008c300000, 0x000000008c400000|  0%| F|  |TAMS 0x000000008c300000, 0x000000008c300000| Untracked 
| 196|0x000000008c400000, 0x000000008c400000, 0x000000008c500000|  0%| F|  |TAMS 0x000000008c400000, 0x000000008c400000| Untracked 
| 197|0x000000008c500000, 0x000000008c500000, 0x000000008c600000|  0%| F|  |TAMS 0x000000008c500000, 0x000000008c500000| Untracked 
| 198|0x000000008c600000, 0x000000008c600000, 0x000000008c700000|  0%| F|  |TAMS 0x000000008c600000, 0x000000008c600000| Untracked 
| 199|0x000000008c700000, 0x000000008c700000, 0x000000008c800000|  0%| F|  |TAMS 0x000000008c700000, 0x000000008c700000| Untracked 
| 200|0x000000008c800000, 0x000000008c800000, 0x000000008c900000|  0%| F|  |TAMS 0x000000008c800000, 0x000000008c800000| Untracked 
| 201|0x000000008c900000, 0x000000008c900000, 0x000000008ca00000|  0%| F|  |TAMS 0x000000008c900000, 0x000000008c900000| Untracked 
| 202|0x000000008ca00000, 0x000000008ca00000, 0x000000008cb00000|  0%| F|  |TAMS 0x000000008ca00000, 0x000000008ca00000| Untracked 
| 203|0x000000008cb00000, 0x000000008cb00000, 0x000000008cc00000|  0%| F|  |TAMS 0x000000008cb00000, 0x000000008cb00000| Untracked 
| 204|0x000000008cc00000, 0x000000008cc00000, 0x000000008cd00000|  0%| F|  |TAMS 0x000000008cc00000, 0x000000008cc00000| Untracked 
| 205|0x000000008cd00000, 0x000000008cd00000, 0x000000008ce00000|  0%| F|  |TAMS 0x000000008cd00000, 0x000000008cd00000| Untracked 
| 206|0x000000008ce00000, 0x000000008ce00000, 0x000000008cf00000|  0%| F|  |TAMS 0x000000008ce00000, 0x000000008ce00000| Untracked 
| 207|0x000000008cf00000, 0x000000008cf00000, 0x000000008d000000|  0%| F|  |TAMS 0x000000008cf00000, 0x000000008cf00000| Untracked 
| 208|0x000000008d000000, 0x000000008d000000, 0x000000008d100000|  0%| F|  |TAMS 0x000000008d000000, 0x000000008d000000| Untracked 
| 209|0x000000008d100000, 0x000000008d100000, 0x000000008d200000|  0%| F|  |TAMS 0x000000008d100000, 0x000000008d100000| Untracked 
| 210|0x000000008d200000, 0x000000008d200000, 0x000000008d300000|  0%| F|  |TAMS 0x000000008d200000, 0x000000008d200000| Untracked 
| 211|0x000000008d300000, 0x000000008d300000, 0x000000008d400000|  0%| F|  |TAMS 0x000000008d300000, 0x000000008d300000| Untracked 
| 212|0x000000008d400000, 0x000000008d400000, 0x000000008d500000|  0%| F|  |TAMS 0x000000008d400000, 0x000000008d400000| Untracked 
| 213|0x000000008d500000, 0x000000008d500000, 0x000000008d600000|  0%| F|  |TAMS 0x000000008d500000, 0x000000008d500000| Untracked 
| 214|0x000000008d600000, 0x000000008d600000, 0x000000008d700000|  0%| F|  |TAMS 0x000000008d600000, 0x000000008d600000| Untracked 
| 215|0x000000008d700000, 0x000000008d700000, 0x000000008d800000|  0%| F|  |TAMS 0x000000008d700000, 0x000000008d700000| Untracked 
| 216|0x000000008d800000, 0x000000008d800000, 0x000000008d900000|  0%| F|  |TAMS 0x000000008d800000, 0x000000008d800000| Untracked 
| 217|0x000000008d900000, 0x000000008d900000, 0x000000008da00000|  0%| F|  |TAMS 0x000000008d900000, 0x000000008d900000| Untracked 
| 218|0x000000008da00000, 0x000000008da00000, 0x000000008db00000|  0%| F|  |TAMS 0x000000008da00000, 0x000000008da00000| Untracked 
| 219|0x000000008db00000, 0x000000008db00000, 0x000000008dc00000|  0%| F|  |TAMS 0x000000008db00000, 0x000000008db00000| Untracked 
| 220|0x000000008dc00000, 0x000000008dc00000, 0x000000008dd00000|  0%| F|  |TAMS 0x000000008dc00000, 0x000000008dc00000| Untracked 
| 221|0x000000008dd00000, 0x000000008dd00000, 0x000000008de00000|  0%| F|  |TAMS 0x000000008dd00000, 0x000000008dd00000| Untracked 
| 222|0x000000008de00000, 0x000000008de00000, 0x000000008df00000|  0%| F|  |TAMS 0x000000008de00000, 0x000000008de00000| Untracked 
| 223|0x000000008df00000, 0x000000008df00000, 0x000000008e000000|  0%| F|  |TAMS 0x000000008df00000, 0x000000008df00000| Untracked 
| 224|0x000000008e000000, 0x000000008e000000, 0x000000008e100000|  0%| F|  |TAMS 0x000000008e000000, 0x000000008e000000| Untracked 
| 225|0x000000008e100000, 0x000000008e100000, 0x000000008e200000|  0%| F|  |TAMS 0x000000008e100000, 0x000000008e100000| Untracked 
| 226|0x000000008e200000, 0x000000008e200000, 0x000000008e300000|  0%| F|  |TAMS 0x000000008e200000, 0x000000008e200000| Untracked 
| 227|0x000000008e300000, 0x000000008e300000, 0x000000008e400000|  0%| F|  |TAMS 0x000000008e300000, 0x000000008e300000| Untracked 
| 228|0x000000008e400000, 0x000000008e400000, 0x000000008e500000|  0%| F|  |TAMS 0x000000008e400000, 0x000000008e400000| Untracked 
| 229|0x000000008e500000, 0x000000008e500000, 0x000000008e600000|  0%| F|  |TAMS 0x000000008e500000, 0x000000008e500000| Untracked 
| 230|0x000000008e600000, 0x000000008e600000, 0x000000008e700000|  0%| F|  |TAMS 0x000000008e600000, 0x000000008e600000| Untracked 
| 231|0x000000008e700000, 0x000000008e700000, 0x000000008e800000|  0%| F|  |TAMS 0x000000008e700000, 0x000000008e700000| Untracked 
| 232|0x000000008e800000, 0x000000008e800000, 0x000000008e900000|  0%| F|  |TAMS 0x000000008e800000, 0x000000008e800000| Untracked 
| 233|0x000000008e900000, 0x000000008ea00000, 0x000000008ea00000|100%| E|  |TAMS 0x000000008e900000, 0x000000008e900000| Complete 
| 234|0x000000008ea00000, 0x000000008eb00000, 0x000000008eb00000|100%| E|CS|TAMS 0x000000008ea00000, 0x000000008ea00000| Complete 
| 235|0x000000008eb00000, 0x000000008ec00000, 0x000000008ec00000|100%| E|CS|TAMS 0x000000008eb00000, 0x000000008eb00000| Complete 
| 236|0x000000008ec00000, 0x000000008ed00000, 0x000000008ed00000|100%| E|CS|TAMS 0x000000008ec00000, 0x000000008ec00000| Complete 
| 237|0x000000008ed00000, 0x000000008ee00000, 0x000000008ee00000|100%| E|CS|TAMS 0x000000008ed00000, 0x000000008ed00000| Complete 
| 238|0x000000008ee00000, 0x000000008ef00000, 0x000000008ef00000|100%| E|CS|TAMS 0x000000008ee00000, 0x000000008ee00000| Complete 
| 239|0x000000008ef00000, 0x000000008f000000, 0x000000008f000000|100%| E|CS|TAMS 0x000000008ef00000, 0x000000008ef00000| Complete 
| 240|0x000000008f000000, 0x000000008f100000, 0x000000008f100000|100%| E|CS|TAMS 0x000000008f000000, 0x000000008f000000| Complete 
| 241|0x000000008f100000, 0x000000008f200000, 0x000000008f200000|100%| E|CS|TAMS 0x000000008f100000, 0x000000008f100000| Complete 
| 242|0x000000008f200000, 0x000000008f300000, 0x000000008f300000|100%| E|CS|TAMS 0x000000008f200000, 0x000000008f200000| Complete 
| 243|0x000000008f300000, 0x000000008f400000, 0x000000008f400000|100%| E|CS|TAMS 0x000000008f300000, 0x000000008f300000| Complete 
| 244|0x000000008f400000, 0x000000008f500000, 0x000000008f500000|100%| E|CS|TAMS 0x000000008f400000, 0x000000008f400000| Complete 
| 245|0x000000008f500000, 0x000000008f600000, 0x000000008f600000|100%| E|CS|TAMS 0x000000008f500000, 0x000000008f500000| Complete 
| 246|0x000000008f600000, 0x000000008f700000, 0x000000008f700000|100%| E|CS|TAMS 0x000000008f600000, 0x000000008f600000| Complete 
| 247|0x000000008f700000, 0x000000008f800000, 0x000000008f800000|100%| E|CS|TAMS 0x000000008f700000, 0x000000008f700000| Complete 
| 248|0x000000008f800000, 0x000000008f900000, 0x000000008f900000|100%| E|CS|TAMS 0x000000008f800000, 0x000000008f800000| Complete 
| 249|0x000000008f900000, 0x000000008fa00000, 0x000000008fa00000|100%| E|CS|TAMS 0x000000008f900000, 0x000000008f900000| Complete 
| 250|0x000000008fa00000, 0x000000008fb00000, 0x000000008fb00000|100%| E|CS|TAMS 0x000000008fa00000, 0x000000008fa00000| Complete 
| 251|0x000000008fb00000, 0x000000008fc00000, 0x000000008fc00000|100%| E|CS|TAMS 0x000000008fb00000, 0x000000008fb00000| Complete 
| 252|0x000000008fc00000, 0x000000008fd00000, 0x000000008fd00000|100%| E|CS|TAMS 0x000000008fc00000, 0x000000008fc00000| Complete 
| 253|0x000000008fd00000, 0x000000008fe00000, 0x000000008fe00000|100%| E|CS|TAMS 0x000000008fd00000, 0x000000008fd00000| Complete 
| 254|0x000000008fe00000, 0x000000008ff00000, 0x000000008ff00000|100%| E|CS|TAMS 0x000000008fe00000, 0x000000008fe00000| Complete 
| 255|0x000000008ff00000, 0x0000000090000000, 0x0000000090000000|100%| E|CS|TAMS 0x000000008ff00000, 0x000000008ff00000| Complete 

Card table byte_map: [0x00000207a94d0000,0x00000207a98d0000] _byte_map_base: 0x00000207a90d0000

Marking Bits (Prev, Next): (CMBitMap*) 0x0000020795bbe618, (CMBitMap*) 0x0000020795bbe650
 Prev Bits: [0x00000207a9cd0000, 0x00000207abcd0000)
 Next Bits: [0x00000207abcd0000, 0x00000207adcd0000)

Polling page: 0x00000207942e0000

Metaspace:

Usage:
  Non-class:     39.70 MB capacity,    39.02 MB ( 98%) used,   582.78 KB (  1%) free+waste,   112.19 KB ( <1%) overhead. 
      Class:      6.15 MB capacity,     5.74 MB ( 93%) used,   365.95 KB (  6%) free+waste,    53.88 KB ( <1%) overhead. 
       Both:     45.85 MB capacity,    44.76 MB ( 98%) used,   948.73 KB (  2%) free+waste,   166.06 KB ( <1%) overhead. 

Virtual space:
  Non-class space:       40.00 MB reserved,      39.75 MB (>99%) committed 
      Class space:        1.00 GB reserved,       6.20 MB ( <1%) committed 
             Both:        1.04 GB reserved,      45.95 MB (  4%) committed 

Chunk freelists:
   Non-Class:  50.00 KB
       Class:  4.00 KB
        Both:  54.00 KB

MaxMetaspaceSize: 17179869184.00 GB
CompressedClassSpaceSize: 1.00 GB

CodeHeap 'non-profiled nmethods': size=120000Kb used=2302Kb max_used=2302Kb free=117697Kb
 bounds [0x00000207a1140000, 0x00000207a13b0000, 0x00000207a8670000]
CodeHeap 'profiled nmethods': size=120000Kb used=8478Kb max_used=8478Kb free=111521Kb
 bounds [0x0000020799c10000, 0x000002079a460000, 0x00000207a1140000]
CodeHeap 'non-nmethods': size=5760Kb used=2215Kb max_used=2271Kb free=3544Kb
 bounds [0x0000020799670000, 0x00000207998e0000, 0x0000020799c10000]
 total_blobs=4910 nmethods=4126 adapters=695
 compilation: enabled
              stopped_count=0, restarted_count=0
 full_count=0

Compilation events (20 events):
Event: 9.815 Thread 0x00000207b0ff9000 nmethod 3921 0x00000207a1360f10 code [0x00000207a13610c0, 0x00000207a1361178]
Event: 9.815 Thread 0x00000207b0ff9000 3922       1       org.gradle.cache.internal.btree.FileBackedBlockStore::access$300 (5 bytes)
Event: 9.815 Thread 0x00000207b0ff9000 nmethod 3922 0x00000207a1361210 code [0x00000207a13613c0, 0x00000207a1361458]
Event: 9.822 Thread 0x00000207b0ff9000 3923       1       org.gradle.internal.snapshot.impl.AbstractScalarValueSnapshot::getValue (5 bytes)
Event: 9.823 Thread 0x00000207b0ff9000 nmethod 3923 0x00000207a1361510 code [0x00000207a13616c0, 0x00000207a1361778]
Event: 9.832 Thread 0x00000207b0ff9000 3924       3       org.gradle.api.internal.artifacts.ivyservice.modulecache.ModuleMetadataSerializer$Reader::readCount (10 bytes)
Event: 9.832 Thread 0x00000207b0ff9000 nmethod 3924 0x000002079a415d10 code [0x000002079a415ec0, 0x000002079a416088]
Event: 9.833 Thread 0x00000207b0ff9000 3925       3       org.gradle.internal.component.external.model.DefaultModuleComponentSelector::newSelector (90 bytes)
Event: 9.833 Thread 0x00000207b0ff9000 nmethod 3925 0x000002079a416190 code [0x000002079a4163a0, 0x000002079a4167e8]
Event: 9.833 Thread 0x00000207b0ff9000 3926       3       org.gradle.internal.component.external.model.DefaultModuleComponentSelector::assertModuleIdentifier (51 bytes)
Event: 9.833 Thread 0x00000207b0ff9000 nmethod 3926 0x000002079a416990 code [0x000002079a416b40, 0x000002079a416c38]
Event: 9.833 Thread 0x00000207b0ff9000 3927       3       java.lang.ThreadLocal$ThreadLocalMap::cleanSomeSlots (60 bytes)
Event: 9.834 Thread 0x00000207b0ff6000 3928       4       java.io.WinNTFileSystem::normalize (143 bytes)
Event: 9.834 Thread 0x00000207b0ff9000 nmethod 3927 0x000002079a416d10 code [0x000002079a416ee0, 0x000002079a417308]
Event: 9.844 Thread 0x00000207b0ff9000 3929       1       org.gradle.internal.component.local.model.ComponentFileArtifactIdentifier::getComponentIdentifier (5 bytes)
Event: 9.845 Thread 0x00000207b0ff9000 nmethod 3929 0x00000207a1361810 code [0x00000207a13619c0, 0x00000207a1361a78]
Event: 9.854 Thread 0x00000207b0ff9000 3930       3       org.gradle.api.internal.artifacts.ivyservice.modulecache.ModuleMetadataSerializer$Reader::readBoolean (10 bytes)
Event: 9.854 Thread 0x00000207b0ff9000 nmethod 3930 0x000002079a417490 code [0x000002079a417640, 0x000002079a417808]
Event: 9.893 Thread 0x00000207b0ff9000 3932       1       com.google.common.cache.LocalCache$StrongEntry::getHash (5 bytes)
Event: 9.893 Thread 0x00000207b0ff9000 nmethod 3932 0x00000207a1361b10 code [0x00000207a1361cc0, 0x00000207a1361d78]

GC Heap History (10 events):
Event: 1.334 GC heap before
{Heap before GC invocations=0 (full 0):
 garbage-first heap   total 262144K, used 29696K [0x0000000080000000, 0x0000000100000000)
  region size 1024K, 24 young (24576K), 0 survivors (0K)
 Metaspace       used 9802K, capacity 9990K, committed 10112K, reserved 1058816K
  class space    used 1022K, capacity 1102K, committed 1152K, reserved 1048576K
}
Event: 1.338 GC heap after
{Heap after GC invocations=1 (full 0):
 garbage-first heap   total 262144K, used 8931K [0x0000000080000000, 0x0000000100000000)
  region size 1024K, 3 young (3072K), 3 survivors (3072K)
 Metaspace       used 9802K, capacity 9990K, committed 10112K, reserved 1058816K
  class space    used 1022K, capacity 1102K, committed 1152K, reserved 1048576K
}
Event: 5.217 GC heap before
{Heap before GC invocations=1 (full 0):
 garbage-first heap   total 262144K, used 105187K [0x0000000080000000, 0x0000000100000000)
  region size 1024K, 98 young (100352K), 3 survivors (3072K)
 Metaspace       used 20618K, capacity 21122K, committed 21248K, reserved 1067008K
  class space    used 2520K, capacity 2720K, committed 2816K, reserved 1048576K
}
Event: 5.227 GC heap after
{Heap after GC invocations=2 (full 0):
 garbage-first heap   total 262144K, used 16745K [0x0000000080000000, 0x0000000100000000)
  region size 1024K, 11 young (11264K), 11 survivors (11264K)
 Metaspace       used 20618K, capacity 21122K, committed 21248K, reserved 1067008K
  class space    used 2520K, capacity 2720K, committed 2816K, reserved 1048576K
}
Event: 5.868 GC heap before
{Heap before GC invocations=3 (full 0):
 garbage-first heap   total 262144K, used 60777K [0x0000000080000000, 0x0000000100000000)
  region size 1024K, 54 young (55296K), 11 survivors (11264K)
 Metaspace       used 25051K, capacity 25607K, committed 25728K, reserved 1071104K
  class space    used 3252K, capacity 3453K, committed 3456K, reserved 1048576K
}
Event: 5.875 GC heap after
{Heap after GC invocations=4 (full 0):
 garbage-first heap   total 262144K, used 18322K [0x0000000080000000, 0x0000000100000000)
  region size 1024K, 3 young (3072K), 3 survivors (3072K)
 Metaspace       used 25051K, capacity 25607K, committed 25728K, reserved 1071104K
  class space    used 3252K, capacity 3453K, committed 3456K, reserved 1048576K
}
Event: 7.117 GC heap before
{Heap before GC invocations=4 (full 0):
 garbage-first heap   total 262144K, used 84882K [0x0000000080000000, 0x0000000100000000)
  region size 1024K, 69 young (70656K), 3 survivors (3072K)
 Metaspace       used 35021K, capacity 35833K, committed 35840K, reserved 1081344K
  class space    used 4541K, capacity 4864K, committed 4864K, reserved 1048576K
}
Event: 7.126 GC heap after
{Heap after GC invocations=5 (full 0):
 garbage-first heap   total 262144K, used 21742K [0x0000000080000000, 0x0000000100000000)
  region size 1024K, 6 young (6144K), 6 survivors (6144K)
 Metaspace       used 35021K, capacity 35833K, committed 35840K, reserved 1081344K
  class space    used 4541K, capacity 4864K, committed 4864K, reserved 1048576K
}
Event: 9.039 GC heap before
{Heap before GC invocations=6 (full 0):
 garbage-first heap   total 262144K, used 137454K [0x0000000080000000, 0x0000000100000000)
  region size 1024K, 116 young (118784K), 6 survivors (6144K)
 Metaspace       used 44034K, capacity 45068K, committed 45260K, reserved 1089536K
  class space    used 5650K, capacity 6035K, committed 6092K, reserved 1048576K
}
Event: 9.050 GC heap after
{Heap after GC invocations=7 (full 0):
 garbage-first heap   total 262144K, used 27895K [0x0000000080000000, 0x0000000100000000)
  region size 1024K, 12 young (12288K), 12 survivors (12288K)
 Metaspace       used 44034K, capacity 45068K, committed 45260K, reserved 1089536K
  class space    used 5650K, capacity 6035K, committed 6092K, reserved 1048576K
}

Deoptimization events (20 events):
Event: 8.812 Thread 0x00000207b2621000 DEOPT PACKING pc=0x00000207a11bde8c sp=0x0000002b723f8b90
Event: 8.812 Thread 0x00000207b2621000 DEOPT UNPACKING pc=0x00000207996978af sp=0x0000002b723f8b20 mode 2
Event: 8.813 Thread 0x00000207b2621000 Uncommon trap: trap_request=0xffffff4d fr.pc=0x00000207a11912dc relative=0x000000000000011c
Event: 8.813 Thread 0x00000207b2621000 Uncommon trap: reason=unstable_if action=reinterpret pc=0x00000207a11912dc method=java.net.URI.match(CJJ)Z @ 45 c2
Event: 8.813 Thread 0x00000207b2621000 DEOPT PACKING pc=0x00000207a11912dc sp=0x0000002b723f8900
Event: 8.813 Thread 0x00000207b2621000 DEOPT UNPACKING pc=0x00000207996978af sp=0x0000002b723f8838 mode 2
Event: 8.813 Thread 0x00000207b2621000 Uncommon trap: trap_request=0xffffff4d fr.pc=0x00000207a1160ee8 relative=0x0000000000000048
Event: 8.813 Thread 0x00000207b2621000 Uncommon trap: reason=unstable_if action=reinterpret pc=0x00000207a1160ee8 method=java.net.URI.match(CJJ)Z @ 19 c2
Event: 8.813 Thread 0x00000207b2621000 DEOPT PACKING pc=0x00000207a1160ee8 sp=0x0000002b723f8910
Event: 8.813 Thread 0x00000207b2621000 DEOPT UNPACKING pc=0x00000207996978af sp=0x0000002b723f88c0 mode 2
Event: 9.671 Thread 0x00000207b1204000 Uncommon trap: trap_request=0xffffffbe fr.pc=0x00000207a12dfdb8 relative=0x0000000000000538
Event: 9.671 Thread 0x00000207b1204000 Uncommon trap: reason=profile_predicate action=maybe_recompile pc=0x00000207a12dfdb8 method=java.util.stream.ReferencePipeline.forEachWithCancel(Ljava/util/Spliterator;Ljava/util/stream/Sink;)Z @ 8 c2
Event: 9.671 Thread 0x00000207b1204000 DEOPT PACKING pc=0x00000207a12dfdb8 sp=0x0000002b718fe9e0
Event: 9.671 Thread 0x00000207b1204000 DEOPT UNPACKING pc=0x00000207996978af sp=0x0000002b718fe980 mode 2
Event: 9.863 Thread 0x00000207b2621000 DEOPT PACKING pc=0x0000020799ccd29b sp=0x0000002b723f7f90
Event: 9.863 Thread 0x00000207b2621000 DEOPT UNPACKING pc=0x00000207996976ce sp=0x0000002b723f74d0 mode 0
Event: 9.863 Thread 0x00000207b2621000 Uncommon trap: trap_request=0xffffff4d fr.pc=0x00000207a1166100 relative=0x0000000000000060
Event: 9.863 Thread 0x00000207b2621000 Uncommon trap: reason=unstable_if action=reinterpret pc=0x00000207a1166100 method=java.io.WinNTFileSystem.isSlash(C)Z @ 9 c2
Event: 9.863 Thread 0x00000207b2621000 DEOPT PACKING pc=0x00000207a1166100 sp=0x0000002b723f7fd0
Event: 9.863 Thread 0x00000207b2621000 DEOPT UNPACKING pc=0x00000207996978af sp=0x0000002b723f7f58 mode 2

Classes redefined (0 events):
No events

Internal exceptions (20 events):
Event: 8.593 Thread 0x00000207b2621000 Exception <a 'java/lang/ClassNotFoundException'{0x000000008a216cf8}: org/gradle/api/internal/project/ProjectScriptBeanInfo> (0x000000008a216cf8) thrown at [./src/hotspot/share/classfile/systemDictionary.cpp, line 231]
Event: 8.593 Thread 0x00000207b2621000 Exception <a 'java/lang/ClassNotFoundException'{0x000000008a22cd10}: org/gradle/api/internal/project/ProjectScriptCustomizer> (0x000000008a22cd10) thrown at [./src/hotspot/share/classfile/systemDictionary.cpp, line 231]
Event: 8.594 Thread 0x00000207b2621000 Exception <a 'java/lang/ClassNotFoundException'{0x000000008a247f00}: build_6wfydizsn8aatn8ykb82jo8q4Customizer> (0x000000008a247f00) thrown at [./src/hotspot/share/classfile/systemDictionary.cpp, line 231]
Event: 8.612 Thread 0x00000207b2621000 Exception <a 'java/lang/ClassNotFoundException'{0x000000008a2d99c0}: org/gradle/api/internal/initialization/DefaultScriptHandlerBeanInfo> (0x000000008a2d99c0) thrown at [./src/hotspot/share/classfile/systemDictionary.cpp, line 231]
Event: 8.613 Thread 0x00000207b2621000 Exception <a 'java/lang/ClassNotFoundException'{0x000000008a102f40}: org/gradle/api/internal/initialization/DefaultScriptHandlerCustomizer> (0x000000008a102f40) thrown at [./src/hotspot/share/classfile/systemDictionary.cpp, line 231]
Event: 8.773 Thread 0x00000207b2621000 Exception <a 'java/lang/ClassNotFoundException'{0x0000000089ac0f18}: org/gradle/api/internal/artifacts/dsl/dependencies/DefaultDependencyHandler_DecoratedBeanInfo> (0x0000000089ac0f18) thrown at [./src/hotspot/share/classfile/systemDictionary.cpp, line 231]
Event: 8.774 Thread 0x00000207b2621000 Exception <a 'java/lang/ClassNotFoundException'{0x0000000089aff078}: org/gradle/api/internal/artifacts/dsl/dependencies/DefaultDependencyHandlerBeanInfo> (0x0000000089aff078) thrown at [./src/hotspot/share/classfile/systemDictionary.cpp, line 231]
Event: 8.775 Thread 0x00000207b2621000 Exception <a 'java/lang/ClassNotFoundException'{0x000000008993db58}: org/gradle/api/internal/artifacts/dsl/dependencies/DefaultDependencyHandlerCustomizer> (0x000000008993db58) thrown at [./src/hotspot/share/classfile/systemDictionary.cpp, line 231]
Event: 8.778 Thread 0x00000207b2621000 Exception <a 'java/lang/ClassNotFoundException'{0x00000000899a51a8}: org/gradle/api/internal/artifacts/dsl/dependencies/DefaultDependencyHandler_DecoratedCustomizer> (0x00000000899a51a8) thrown at [./src/hotspot/share/classfile/systemDictionary.cpp, line 231]
Event: 8.802 Thread 0x00000207b2621000 Exception <a 'java/lang/NoSuchMethodError'{0x00000000898b1df8}: 'java.lang.Object java.lang.invoke.DirectMethodHandle$Holder.invokeStatic(java.lang.Object, java.lang.Object, int, java.lang.Object)'> (0x00000000898b1df8) thrown at [./src/hotspot/share/interpreter/linkResolver.cpp, line 773]
Event: 8.803 Thread 0x00000207b2621000 Exception <a 'java/lang/NoSuchMethodError'{0x00000000898b9090}: 'java.lang.Object java.lang.invoke.Invokers$Holder.linkToTargetMethod(java.lang.Object, int, java.lang.Object, java.lang.Object)'> (0x00000000898b9090) thrown at [./src/hotspot/share/interpreter/linkResolver.cpp, line 773]
Event: 9.171 Thread 0x00000207b2621000 Exception <a 'java/lang/NoSuchMethodError'{0x000000008fbea430}: 'java.lang.Object java.lang.invoke.DelegatingMethodHandle$Holder.reinvoke_L(java.lang.Object, java.lang.Object, java.lang.Object, java.lang.Object, java.lang.Object, java.lang.Object, java.lang.Object, java.lang.Object, java.lang.Object, java.lang.Object, java.lang.Object, java.lang.Object, java.lang.Object, java.lang.Object, java.lang.Object, java.lang.Object, java.lang.Object, java.lang.Object, java.lang.Object, java.lang.Object, java.lang.O
Event: 9.172 Thread 0x00000207b2621000 Exception <a 'java/lang/NoSuchMethodError'{0x000000008fbf5e38}: 'java.lang.Object java.lang.invoke.DirectMethodHandle$Holder.invokeSpecial(java.lang.Object, java.lang.Object, java.lang.Object, java.lang.Object, java.lang.Object, java.lang.Object, java.lang.Object, java.lang.Object, java.lang.Object, java.lang.Object, java.lang.Object, java.lang.Object, java.lang.Object, java.lang.Object, java.lang.Object, java.lang.Object, java.lang.Object, java.lang.Object, java.lang.Object, java.lang.Object, java.lang.Ob
Event: 9.173 Thread 0x00000207b2621000 Exception <a 'java/lang/NoSuchMethodError'{0x000000008fbfc028}: 'java.lang.Object java.lang.invoke.Invokers$Holder.invoker(java.lang.Object, java.lang.Object, java.lang.Object, java.lang.Object, java.lang.Object, java.lang.Object, java.lang.Object, java.lang.Object, java.lang.Object, java.lang.Object, java.lang.Object, java.lang.Object, java.lang.Object, java.lang.Object, java.lang.Object, java.lang.Object, java.lang.Object, java.lang.Object, java.lang.Object, java.lang.Object, java.lang.Object)'> (0x00000
Event: 9.174 Thread 0x00000207b2621000 Exception <a 'java/lang/NoSuchMethodError'{0x000000008fa03e20}: 'java.lang.Object java.lang.invoke.DelegatingMethodHandle$Holder.delegate(java.lang.Object, java.lang.Object, java.lang.Object, java.lang.Object, java.lang.Object, java.lang.Object, java.lang.Object, java.lang.Object, java.lang.Object, java.lang.Object, java.lang.Object, java.lang.Object, java.lang.Object, java.lang.Object, java.lang.Object, java.lang.Object, java.lang.Object, java.lang.Object, java.lang.Object, java.lang.Object, java.lang.Obj
Event: 9.183 Thread 0x00000207b2621000 Exception <a 'java/lang/NoSuchMethodError'{0x000000008fa4cb10}: 'java.lang.Object java.lang.invoke.DirectMethodHandle$Holder.invokeStatic(java.lang.Object, java.lang.Object, java.lang.Object, java.lang.Object, java.lang.Object, java.lang.Object, java.lang.Object, java.lang.Object, java.lang.Object, java.lang.Object, java.lang.Object, java.lang.Object, java.lang.Object, java.lang.Object, java.lang.Object)'> (0x000000008fa4cb10) thrown at [./src/hotspot/share/interpreter/linkResolver.cpp, line 773]
Event: 9.185 Thread 0x00000207b2621000 Exception <a 'java/lang/NoSuchMethodError'{0x000000008fa5d148}: 'java.lang.Object java.lang.invoke.DirectMethodHandle$Holder.invokeStatic(java.lang.Object, java.lang.Object, java.lang.Object, java.lang.Object, java.lang.Object, java.lang.Object, java.lang.Object, java.lang.Object, java.lang.Object, java.lang.Object, java.lang.Object, java.lang.Object, java.lang.Object, java.lang.Object, java.lang.Object, java.lang.Object)'> (0x000000008fa5d148) thrown at [./src/hotspot/share/interpreter/linkResolver.cpp, l
Event: 9.186 Thread 0x00000207b2621000 Exception <a 'java/lang/NoSuchMethodError'{0x000000008fa6d690}: 'java.lang.Object java.lang.invoke.DelegatingMethodHandle$Holder.reinvoke_L(java.lang.Object, java.lang.Object, java.lang.Object, java.lang.Object, java.lang.Object, java.lang.Object, java.lang.Object, java.lang.Object, java.lang.Object, java.lang.Object, java.lang.Object, java.lang.Object, java.lang.Object, java.lang.Object, java.lang.Object, java.lang.Object, java.lang.Object, java.lang.Object, java.lang.Object, java.lang.Object)'> (0x000000
Event: 9.261 Thread 0x00000207b2621000 Exception <a 'java/lang/IncompatibleClassChangeError'{0x000000008f603b70}: Found class java.lang.Object, but interface was expected> (0x000000008f603b70) thrown at [./src/hotspot/share/interpreter/linkResolver.cpp, line 839]
Event: 9.454 Thread 0x00000207b2621000 Exception <a 'java/lang/NoSuchMethodError'{0x000000008eff12a8}: 'int java.lang.invoke.DirectMethodHandle$Holder.invokeStaticInit(java.lang.Object)'> (0x000000008eff12a8) thrown at [./src/hotspot/share/interpreter/linkResolver.cpp, line 773]

Events (20 events):
Event: 9.471 loading class org/gradle/api/internal/artifacts/ResolvedConfigurationIdentifier done
Event: 9.472 loading class org/gradle/api/internal/artifacts/ResolvedConfigurationIdentifier
Event: 9.472 loading class org/gradle/api/internal/artifacts/ResolvedConfigurationIdentifier done
Event: 9.472 loading class org/gradle/api/internal/artifacts/ivyservice/resolveengine/graph/builder/ResolveState
Event: 9.472 loading class org/gradle/api/internal/artifacts/ivyservice/resolveengine/graph/builder/ResolveState done
Event: 9.472 loading class org/gradle/api/internal/artifacts/ivyservice/resolveengine/excludes/specs/ExcludeSpec
Event: 9.472 loading class org/gradle/api/internal/artifacts/ivyservice/resolveengine/excludes/specs/ExcludeSpec done
Event: 9.472 loading class org/gradle/api/internal/artifacts/ivyservice/resolveengine/excludes/specs/ExcludeSpec
Event: 9.472 loading class org/gradle/api/internal/artifacts/ivyservice/resolveengine/excludes/specs/ExcludeSpec done
Event: 9.472 loading class org/gradle/api/internal/artifacts/ivyservice/resolveengine/excludes/factories/OptimizingExcludeFactory
Event: 9.472 loading class org/gradle/api/internal/artifacts/ivyservice/resolveengine/excludes/factories/OptimizingExcludeFactory done
Event: 9.472 loading class org/gradle/api/internal/artifacts/ivyservice/resolveengine/excludes/factories/Optimizations
Event: 9.472 loading class org/gradle/api/internal/artifacts/ivyservice/resolveengine/excludes/factories/Optimizations done
Event: 9.668 loading class org/gradle/internal/component/external/model/maven/MavenDependencyType
Event: 9.668 loading class org/gradle/internal/component/external/model/maven/MavenDependencyType done
Event: 9.768 Thread 0x00000207b37d9000 Thread exited: 0x00000207b37d9000
Event: 9.843 loading class org/gradle/internal/component/external/descriptor/DefaultExclude
Event: 9.843 loading class org/gradle/internal/component/external/descriptor/DefaultExclude done
Event: 9.843 loading class org/gradle/internal/component/model/Exclude
Event: 9.843 loading class org/gradle/internal/component/model/Exclude done


Dynamic libraries:
0x00007ff743a30000 - 0x00007ff743a3a000 	D:\Android Studio\jre\bin\java.exe
0x00007ffbb2390000 - 0x00007ffbb2585000 	C:\WINDOWS\SYSTEM32\ntdll.dll
0x00007ffbb2020000 - 0x00007ffbb20de000 	C:\WINDOWS\System32\KERNEL32.DLL
0x00007ffbaffc0000 - 0x00007ffbb0288000 	C:\WINDOWS\System32\KERNELBASE.dll
0x00007ffbafaa0000 - 0x00007ffbafba0000 	C:\WINDOWS\System32\ucrtbase.dll
0x00007ffb7e2b0000 - 0x00007ffb7e2c7000 	D:\Android Studio\jre\bin\VCRUNTIME140.dll
0x00007ffb7da50000 - 0x00007ffb7da69000 	D:\Android Studio\jre\bin\jli.dll
0x00007ffbb1510000 - 0x00007ffbb16b1000 	C:\WINDOWS\System32\USER32.dll
0x00007ffb9dab0000 - 0x00007ffb9dd4a000 	C:\WINDOWS\WinSxS\amd64_microsoft.windows.common-controls_6595b64144ccf1df_6.0.19041.1110_none_60b5254171f9507e\COMCTL32.dll
0x00007ffbb03a0000 - 0x00007ffbb03c2000 	C:\WINDOWS\System32\win32u.dll
0x00007ffbb1a10000 - 0x00007ffbb1aae000 	C:\WINDOWS\System32\msvcrt.dll
0x00007ffbb0a60000 - 0x00007ffbb0a8b000 	C:\WINDOWS\System32\GDI32.dll
0x00007ffbafeb0000 - 0x00007ffbaffbd000 	C:\WINDOWS\System32\gdi32full.dll
0x00007ffbafba0000 - 0x00007ffbafc3d000 	C:\WINDOWS\System32\msvcp_win.dll
0x00007ffbb1970000 - 0x00007ffbb19a0000 	C:\WINDOWS\System32\IMM32.DLL
0x00007ffb76120000 - 0x00007ffb761bd000 	D:\Android Studio\jre\bin\msvcp140.dll
0x00007ffb5b230000 - 0x00007ffb5bcff000 	D:\Android Studio\jre\bin\server\jvm.dll
0x00007ffbb0430000 - 0x00007ffbb04dc000 	C:\WINDOWS\System32\ADVAPI32.dll
0x00007ffbb0960000 - 0x00007ffbb09fb000 	C:\WINDOWS\System32\sechost.dll
0x00007ffbb1b70000 - 0x00007ffbb1c9a000 	C:\WINDOWS\System32\RPCRT4.dll
0x00007ffbb2340000 - 0x00007ffbb2348000 	C:\WINDOWS\System32\PSAPI.DLL
0x00007ffba0a50000 - 0x00007ffba0a77000 	C:\WINDOWS\SYSTEM32\WINMM.dll
0x00007ffba6640000 - 0x00007ffba664a000 	C:\WINDOWS\SYSTEM32\VERSION.dll
0x00007ffb9ecd0000 - 0x00007ffb9ecd9000 	C:\WINDOWS\SYSTEM32\WSOCK32.dll
0x00007ffbb19a0000 - 0x00007ffbb1a0b000 	C:\WINDOWS\System32\WS2_32.dll
0x00007ffbad8b0000 - 0x00007ffbad8c2000 	C:\WINDOWS\SYSTEM32\kernel.appcore.dll
0x00007ffb94460000 - 0x00007ffb94471000 	D:\Android Studio\jre\bin\verify.dll
0x00007ffb9f100000 - 0x00007ffb9f2e4000 	C:\WINDOWS\SYSTEM32\DBGHELP.DLL
0x00007ffb9be10000 - 0x00007ffb9be3c000 	C:\WINDOWS\SYSTEM32\dbgcore.DLL
0x00007ffbb0290000 - 0x00007ffbb0313000 	C:\WINDOWS\System32\bcryptPrimitives.dll
0x00007ffb8cc70000 - 0x00007ffb8cc99000 	D:\Android Studio\jre\bin\java.dll
0x00007ffbab4d0000 - 0x00007ffbab4db000 	D:\Android Studio\jre\bin\jimage.dll
0x00007ffb942f0000 - 0x00007ffb94308000 	D:\Android Studio\jre\bin\zip.dll
0x00007ffbb0d60000 - 0x00007ffbb14a4000 	C:\WINDOWS\System32\SHELL32.dll
0x00007ffbadb90000 - 0x00007ffbae324000 	C:\WINDOWS\SYSTEM32\windows.storage.dll
0x00007ffbb1cc0000 - 0x00007ffbb2015000 	C:\WINDOWS\System32\combase.dll
0x00007ffbaf4f0000 - 0x00007ffbaf51e000 	C:\WINDOWS\SYSTEM32\Wldp.dll
0x00007ffbb1ac0000 - 0x00007ffbb1b6d000 	C:\WINDOWS\System32\SHCORE.dll
0x00007ffbb14b0000 - 0x00007ffbb1505000 	C:\WINDOWS\System32\shlwapi.dll
0x00007ffbaf9e0000 - 0x00007ffbaf9ff000 	C:\WINDOWS\SYSTEM32\profapi.dll
0x00007ffb941b0000 - 0x00007ffb941ca000 	D:\Android Studio\jre\bin\net.dll
0x00007ffba8390000 - 0x00007ffba849c000 	C:\WINDOWS\SYSTEM32\WINHTTP.dll
0x00007ffbaf250000 - 0x00007ffbaf2ba000 	C:\WINDOWS\system32\mswsock.dll
0x00007ffb936f0000 - 0x00007ffb93704000 	D:\Android Studio\jre\bin\nio.dll
0x00007ffb771e0000 - 0x00007ffb77207000 	C:\Users\Edward\.gradle\native\8bec1ad78214c89d9ad589b4d07fe93259594b29d510b10fafb7a158f7737e5d\windows-amd64\native-platform.dll
0x00007ffb6f440000 - 0x00007ffb6f57d000 	C:\Users\Edward\.gradle\native\53dbd7edfb1c66fb8903c78663c9afc45aea4f116125fa6feffd364cf09443e8\windows-amd64\native-platform-file-events.dll
0x00007ffb9ed00000 - 0x00007ffb9ed0a000 	D:\Android Studio\jre\bin\management.dll
0x00007ffb947a0000 - 0x00007ffb947ac000 	D:\Android Studio\jre\bin\management_ext.dll
0x00007ffbaf440000 - 0x00007ffbaf458000 	C:\WINDOWS\SYSTEM32\CRYPTSP.dll
0x00007ffbaeb60000 - 0x00007ffbaeb94000 	C:\WINDOWS\system32\rsaenh.dll
0x00007ffbb0370000 - 0x00007ffbb0397000 	C:\WINDOWS\System32\bcrypt.dll
0x00007ffbaf960000 - 0x00007ffbaf98e000 	C:\WINDOWS\SYSTEM32\USERENV.dll
0x00007ffbaf460000 - 0x00007ffbaf46c000 	C:\WINDOWS\SYSTEM32\CRYPTBASE.dll
0x00007ffbaeef0000 - 0x00007ffbaef2b000 	C:\WINDOWS\SYSTEM32\IPHLPAPI.DLL
0x00007ffbb18d0000 - 0x00007ffbb18d8000 	C:\WINDOWS\System32\NSI.dll
0x00007ffba9ee0000 - 0x00007ffba9ef7000 	C:\WINDOWS\SYSTEM32\dhcpcsvc6.DLL
0x00007ffba9d10000 - 0x00007ffba9d2d000 	C:\WINDOWS\SYSTEM32\dhcpcsvc.DLL
0x00007ffbaef40000 - 0x00007ffbaf00b000 	C:\WINDOWS\SYSTEM32\DNSAPI.dll

dbghelp: loaded successfully - version: 4.0.5 - missing functions: none
symbol engine: initialized successfully - sym options: 0x614 - pdb path: .;D:\Android Studio\jre\bin;C:\WINDOWS\SYSTEM32;C:\WINDOWS\WinSxS\amd64_microsoft.windows.common-controls_6595b64144ccf1df_6.0.19041.1110_none_60b5254171f9507e;D:\Android Studio\jre\bin\server;C:\Users\Edward\.gradle\native\8bec1ad78214c89d9ad589b4d07fe93259594b29d510b10fafb7a158f7737e5d\windows-amd64;C:\Users\Edward\.gradle\native\53dbd7edfb1c66fb8903c78663c9afc45aea4f116125fa6feffd364cf09443e8\windows-amd64

VM Arguments:
jvm_args: --add-opens=java.base/java.util=ALL-UNNAMED --add-opens=java.base/java.lang=ALL-UNNAMED --add-opens=java.base/java.lang.invoke=ALL-UNNAMED --add-opens=java.base/java.util=ALL-UNNAMED --add-opens=java.prefs/java.util.prefs=ALL-UNNAMED --add-opens=java.prefs/java.util.prefs=ALL-UNNAMED --add-opens=java.base/java.nio.charset=ALL-UNNAMED --add-opens=java.base/java.net=ALL-UNNAMED --add-opens=java.base/java.util.concurrent.atomic=ALL-UNNAMED -Xmx2048m -Dfile.encoding=UTF-8 -Duser.country=US -Duser.language=en -Duser.variant 
java_command: org.gradle.launcher.daemon.bootstrap.GradleDaemon 7.0.2
java_class_path (initial): C:\Users\Edward\.gradle\wrapper\dists\gradle-7.0.2-bin\857tjihv64xamwrf0h14cai3r\gradle-7.0.2\lib\gradle-launcher-7.0.2.jar
Launcher Type: SUN_STANDARD

[Global flags]
     intx CICompilerCount                          = 4                                         {product} {ergonomic}
     uint ConcGCThreads                            = 2                                         {product} {ergonomic}
     uint G1ConcRefinementThreads                  = 8                                         {product} {ergonomic}
   size_t G1HeapRegionSize                         = 1048576                                   {product} {ergonomic}
    uintx GCDrainStackTargetSize                   = 64                                        {product} {ergonomic}
   size_t InitialHeapSize                          = 268435456                                 {product} {ergonomic}
   size_t MarkStackSize                            = 4194304                                   {product} {ergonomic}
   size_t MaxHeapSize                              = 2147483648                                {product} {command line}
   size_t MaxNewSize                               = 1287651328                                {product} {ergonomic}
   size_t MinHeapDeltaBytes                        = 1048576                                   {product} {ergonomic}
    uintx NonNMethodCodeHeapSize                   = 5836300                                {pd product} {ergonomic}
    uintx NonProfiledCodeHeapSize                  = 122910970                              {pd product} {ergonomic}
    uintx ProfiledCodeHeapSize                     = 122910970                              {pd product} {ergonomic}
    uintx ReservedCodeCacheSize                    = 251658240                              {pd product} {ergonomic}
     bool SegmentedCodeCache                       = true                                      {product} {ergonomic}
     bool UseCompressedClassPointers               = true                                 {lp64_product} {ergonomic}
     bool UseCompressedOops                        = true                                 {lp64_product} {ergonomic}
     bool UseG1GC                                  = true                                      {product} {ergonomic}
     bool UseLargePagesIndividualAllocation        = false                                  {pd product} {ergonomic}

Logging:
Log output configuration:
 #0: stdout all=warning uptime,level,tags
 #1: stderr all=off uptime,level,tags

Environment Variables:
PATH=C:\WINDOWS\system32;C:\WINDOWS;C:\WINDOWS\System32\Wbem;C:\WINDOWS\System32\WindowsPowerShell\v1.0\;C:\WINDOWS\System32\OpenSSH\;C:\Program Files\NVIDIA Corporation\NVIDIA NvDLISR;C:\Program Files (x86)\NVIDIA Corporation\PhysX\Common;C:\Users\Edward\AppData\Local\Microsoft\WindowsApps
USERNAME=Edward
OS=Windows_NT
PROCESSOR_IDENTIFIER=Intel64 Family 6 Model 158 Stepping 9, GenuineIntel



---------------  S Y S T E M  ---------------

OS: Windows 10 , 64 bit Build 19041 (10.0.19041.1348)
OS uptime: 2 days 22:06 hours

CPU:total 8 (initial active 8) (4 cores per cpu, 2 threads per core) family 6 model 158 stepping 9 microcode 0xb4, cmov, cx8, fxsr, mmx, sse, sse2, sse3, ssse3, sse4.1, sse4.2, popcnt, avx, avx2, aes, clmul, erms, 3dnowpref, lzcnt, ht, tsc, tscinvbit, bmi1, bmi2, adx, fma

Memory: 4k page, system-wide physical 16268M (661M free)
TotalPageFile size 20364M (AvailPageFile size 591M)
current process WorkingSet (physical memory assigned to process): 318M, peak: 326M
current process commit charge ("private bytes"): 463M, peak: 472M

vm_info: OpenJDK 64-Bit Server VM (11.0.10+0-b96-7249189) for windows-amd64 JRE (11.0.10+0-b96-7249189), built on Mar 31 2021 21:44:00 by "builder" with MS VC++ 14.0 (VS2015)

END.
